[INFO] Scanning for projects...
[INFO]                                                                         
[INFO] ------------------------------------------------------------------------
[INFO] Building eurekaServer 0.0.1-SNAPSHOT
[INFO] ------------------------------------------------------------------------
[INFO] 
[INFO] >>> spring-boot-maven-plugin:1.2.5.RELEASE:run (default-cli) > test-compile @ eurekaServer >>>
[INFO] 
[INFO] --- maven-resources-plugin:2.6:resources (default-resources) @ eurekaServer ---
[INFO] Using 'UTF-8' encoding to copy filtered resources.
[INFO] Copying 1 resource
[INFO] Copying 1 resource
[INFO] 
[INFO] --- maven-compiler-plugin:3.1:compile (default-compile) @ eurekaServer ---
[INFO] Nothing to compile - all classes are up to date
[INFO] 
[INFO] --- maven-resources-plugin:2.6:testResources (default-testResources) @ eurekaServer ---
[INFO] Using 'UTF-8' encoding to copy filtered resources.
[INFO] skip non existing resourceDirectory /Users/jsheth/Documents/workspace/microservice-samples/SFDCApp/eurekaServer/src/test/resources
[INFO] 
[INFO] --- maven-compiler-plugin:3.1:testCompile (default-testCompile) @ eurekaServer ---
[INFO] Nothing to compile - all classes are up to date
[INFO] 
[INFO] <<< spring-boot-maven-plugin:1.2.5.RELEASE:run (default-cli) < test-compile @ eurekaServer <<<
[INFO] 
[INFO] --- spring-boot-maven-plugin:1.2.5.RELEASE:run (default-cli) @ eurekaServer ---
2015-08-17 13:01:33.218  INFO 12796 --- [kaServer.main()] io.pivotal.sfdc.EurekaServer             : Starting EurekaServer on Jigs-Work-MacBook-Pro.local with PID 12796 (/Users/jsheth/Documents/workspace/microservice-samples/SFDCApp/eurekaServer/target/classes started by jsheth in /Users/jsheth/Documents/workspace/microservice-samples/SFDCApp/eurekaServer)
2015-08-17 13:01:33.257  INFO 12796 --- [kaServer.main()] s.c.a.AnnotationConfigApplicationContext : Refreshing org.springframework.context.annotation.AnnotationConfigApplicationContext@7cea9d7a: startup date [Mon Aug 17 13:01:33 CDT 2015]; root of context hierarchy
2015-08-17 13:01:33.493  INFO 12796 --- [kaServer.main()] f.a.AutowiredAnnotationBeanPostProcessor : JSR-330 'javax.inject.Inject' annotation found and supported for autowiring
2015-08-17 13:01:33.734  INFO 12796 --- [kaServer.main()] trationDelegate$BeanPostProcessorChecker : Bean 'encrypt.CONFIGURATION_PROPERTIES' of type [class org.springframework.cloud.bootstrap.encrypt.KeyProperties] is not eligible for getting processed by all BeanPostProcessors (for example: not eligible for auto-proxying)
2015-08-17 13:01:33.734  INFO 12796 --- [kaServer.main()] trationDelegate$BeanPostProcessorChecker : Bean 'encryptionBootstrapConfiguration' of type [class org.springframework.cloud.bootstrap.encrypt.EncryptionBootstrapConfiguration$$EnhancerBySpringCGLIB$$7cf85937] is not eligible for getting processed by all BeanPostProcessors (for example: not eligible for auto-proxying)
2015-08-17 13:01:33.780  INFO 12796 --- [kaServer.main()] io.pivotal.sfdc.EurekaServer             : Started EurekaServer in 0.98 seconds (JVM running for 4.184)

  .   ____          _            __ _ _
 /\\ / ___'_ __ _ _(_)_ __  __ _ \ \ \ \
( ( )\___ | '_ | '_| | '_ \/ _` | \ \ \ \
 \\/  ___)| |_)| | | | | || (_| |  ) ) ) )
  '  |____| .__|_| |_|_| |_\__, | / / / /
 =========|_|==============|___/=/_/_/_/
 :: Spring Boot ::        (v1.2.5.RELEASE)

2015-08-17 13:01:33.850  INFO 12796 --- [kaServer.main()] ationConfigEmbeddedWebApplicationContext : Refreshing org.springframework.boot.context.embedded.AnnotationConfigEmbeddedWebApplicationContext@2879b739: startup date [Mon Aug 17 13:01:33 CDT 2015]; parent: org.springframework.context.annotation.AnnotationConfigApplicationContext@7cea9d7a
2015-08-17 13:01:34.664  INFO 12796 --- [kaServer.main()] o.s.b.f.s.DefaultListableBeanFactory     : Overriding bean definition for bean 'beanNameViewResolver': replacing [Root bean: class [null]; scope=; abstract=false; lazyInit=false; autowireMode=3; dependencyCheck=0; autowireCandidate=true; primary=false; factoryBeanName=org.springframework.boot.autoconfigure.web.ErrorMvcAutoConfiguration$WhitelabelErrorViewConfiguration; factoryMethodName=beanNameViewResolver; initMethodName=null; destroyMethodName=(inferred); defined in class path resource [org/springframework/boot/autoconfigure/web/ErrorMvcAutoConfiguration$WhitelabelErrorViewConfiguration.class]] with [Root bean: class [null]; scope=; abstract=false; lazyInit=false; autowireMode=3; dependencyCheck=0; autowireCandidate=true; primary=false; factoryBeanName=org.springframework.boot.autoconfigure.web.WebMvcAutoConfiguration$WebMvcAutoConfigurationAdapter; factoryMethodName=beanNameViewResolver; initMethodName=null; destroyMethodName=(inferred); defined in class path resource [org/springframework/boot/autoconfigure/web/WebMvcAutoConfiguration$WebMvcAutoConfigurationAdapter.class]]
2015-08-17 13:01:34.747  INFO 12796 --- [kaServer.main()] o.s.b.f.s.DefaultListableBeanFactory     : Overriding bean definition for bean 'infoEndpoint': replacing [Root bean: class [null]; scope=; abstract=false; lazyInit=false; autowireMode=3; dependencyCheck=0; autowireCandidate=true; primary=false; factoryBeanName=org.springframework.boot.actuate.autoconfigure.EndpointAutoConfiguration; factoryMethodName=infoEndpoint; initMethodName=null; destroyMethodName=(inferred); defined in class path resource [org/springframework/boot/actuate/autoconfigure/EndpointAutoConfiguration.class]] with [Root bean: class [null]; scope=; abstract=false; lazyInit=false; autowireMode=3; dependencyCheck=0; autowireCandidate=true; primary=false; factoryBeanName=org.springframework.cloud.autoconfigure.RefreshAutoConfiguration$InfoEndpointRebinderConfiguration; factoryMethodName=infoEndpoint; initMethodName=null; destroyMethodName=(inferred); defined in class path resource [org/springframework/cloud/autoconfigure/RefreshAutoConfiguration$InfoEndpointRebinderConfiguration.class]]
2015-08-17 13:01:34.944  INFO 12796 --- [kaServer.main()] f.a.AutowiredAnnotationBeanPostProcessor : JSR-330 'javax.inject.Inject' annotation found and supported for autowiring
2015-08-17 13:01:34.966  INFO 12796 --- [kaServer.main()] trationDelegate$BeanPostProcessorChecker : Bean 'org.springframework.cloud.autoconfigure.RefreshAutoConfiguration$ConfigurationPropertiesRebinderConfiguration' of type [class org.springframework.cloud.autoconfigure.RefreshAutoConfiguration$ConfigurationPropertiesRebinderConfiguration$$EnhancerBySpringCGLIB$$ad2f1c14] is not eligible for getting processed by all BeanPostProcessors (for example: not eligible for auto-proxying)
2015-08-17 13:01:35.333  INFO 12796 --- [kaServer.main()] s.b.c.e.t.TomcatEmbeddedServletContainer : Tomcat initialized with port(s): 8761 (http)
2015-08-17 13:01:35.656  INFO 12796 --- [kaServer.main()] o.apache.catalina.core.StandardService   : Starting service Tomcat
2015-08-17 13:01:35.657  INFO 12796 --- [kaServer.main()] org.apache.catalina.core.StandardEngine  : Starting Servlet Engine: Apache Tomcat/8.0.23
2015-08-17 13:01:35.757  INFO 12796 --- [ost-startStop-1] o.a.c.c.C.[Tomcat].[localhost].[/]       : Initializing Spring embedded WebApplicationContext
2015-08-17 13:01:35.757  INFO 12796 --- [ost-startStop-1] o.s.web.context.ContextLoader            : Root WebApplicationContext: initialization completed in 1907 ms
2015-08-17 13:01:36.617  INFO 12796 --- [ost-startStop-1] o.s.b.c.embedded.FilterRegistrationBean  : Mapping filter: 'metricFilter' to: [/*]
2015-08-17 13:01:36.618  INFO 12796 --- [ost-startStop-1] o.s.b.c.embedded.FilterRegistrationBean  : Mapping filter: 'characterEncodingFilter' to: [/*]
2015-08-17 13:01:36.618  INFO 12796 --- [ost-startStop-1] o.s.b.c.embedded.FilterRegistrationBean  : Mapping filter: 'hiddenHttpMethodFilter' to: [/*]
2015-08-17 13:01:36.618  INFO 12796 --- [ost-startStop-1] o.s.b.c.embedded.FilterRegistrationBean  : Mapping filter: 'webRequestTraceFilter' to: [/*]
2015-08-17 13:01:36.618  INFO 12796 --- [ost-startStop-1] o.s.b.c.embedded.FilterRegistrationBean  : Mapping filter: 'servletContainer' to urls: [/eureka/*]
2015-08-17 13:01:36.618  INFO 12796 --- [ost-startStop-1] o.s.b.c.embedded.FilterRegistrationBean  : Mapping filter: 'applicationContextIdFilter' to: [/*]
2015-08-17 13:01:36.618  INFO 12796 --- [ost-startStop-1] o.s.b.c.e.ServletRegistrationBean        : Mapping servlet: 'dispatcherServlet' to [/]
2015-08-17 13:01:36.725  INFO 12796 --- [ost-startStop-1] c.s.j.s.i.a.WebApplicationImpl           : Initiating Jersey application, version 'Jersey: 1.13 06/29/2012 05:14 PM'
2015-08-17 13:01:37.250  WARN 12796 --- [kaServer.main()] c.n.c.sources.URLConfigurationSource     : No URLs will be polled as dynamic configuration sources.
2015-08-17 13:01:37.760  INFO 12796 --- [kaServer.main()] s.w.s.m.m.a.RequestMappingHandlerAdapter : Looking for @ControllerAdvice: org.springframework.boot.context.embedded.AnnotationConfigEmbeddedWebApplicationContext@2879b739: startup date [Mon Aug 17 13:01:33 CDT 2015]; parent: org.springframework.context.annotation.AnnotationConfigApplicationContext@7cea9d7a
2015-08-17 13:01:37.811  INFO 12796 --- [kaServer.main()] s.w.s.m.m.a.RequestMappingHandlerMapping : Mapped "{[/],methods=[GET],params=[],headers=[],consumes=[],produces=[],custom=[]}" onto public java.lang.String org.springframework.cloud.netflix.eureka.server.EurekaController.status(javax.servlet.http.HttpServletRequest,java.util.Map<java.lang.String, java.lang.Object>)
2015-08-17 13:01:37.811  INFO 12796 --- [kaServer.main()] s.w.s.m.m.a.RequestMappingHandlerMapping : Mapped "{[/lastn],methods=[GET],params=[],headers=[],consumes=[],produces=[],custom=[]}" onto public java.lang.String org.springframework.cloud.netflix.eureka.server.EurekaController.lastn(javax.servlet.http.HttpServletRequest,java.util.Map<java.lang.String, java.lang.Object>)
2015-08-17 13:01:37.812  INFO 12796 --- [kaServer.main()] s.w.s.m.m.a.RequestMappingHandlerMapping : Mapped "{[/error],methods=[],params=[],headers=[],consumes=[],produces=[],custom=[]}" onto public org.springframework.http.ResponseEntity<java.util.Map<java.lang.String, java.lang.Object>> org.springframework.boot.autoconfigure.web.BasicErrorController.error(javax.servlet.http.HttpServletRequest)
2015-08-17 13:01:37.812  INFO 12796 --- [kaServer.main()] s.w.s.m.m.a.RequestMappingHandlerMapping : Mapped "{[/error],methods=[],params=[],headers=[],consumes=[],produces=[text/html],custom=[]}" onto public org.springframework.web.servlet.ModelAndView org.springframework.boot.autoconfigure.web.BasicErrorController.errorHtml(javax.servlet.http.HttpServletRequest)
2015-08-17 13:01:37.831  INFO 12796 --- [kaServer.main()] o.s.w.s.handler.SimpleUrlHandlerMapping  : Mapped URL path [/webjars/**] onto handler of type [class org.springframework.web.servlet.resource.ResourceHttpRequestHandler]
2015-08-17 13:01:37.831  INFO 12796 --- [kaServer.main()] o.s.w.s.handler.SimpleUrlHandlerMapping  : Mapped URL path [/**] onto handler of type [class org.springframework.web.servlet.resource.ResourceHttpRequestHandler]
2015-08-17 13:01:37.857  INFO 12796 --- [kaServer.main()] o.s.w.s.handler.SimpleUrlHandlerMapping  : Mapped URL path [/**/favicon.ico] onto handler of type [class org.springframework.web.servlet.resource.ResourceHttpRequestHandler]
2015-08-17 13:01:38.176  INFO 12796 --- [kaServer.main()] o.s.b.a.e.mvc.EndpointHandlerMapping     : Mapped "{[/pause],methods=[POST],params=[],headers=[],consumes=[],produces=[],custom=[]}" onto public java.lang.Object org.springframework.cloud.endpoint.GenericPostableMvcEndpoint.invoke()
2015-08-17 13:01:38.177  INFO 12796 --- [kaServer.main()] o.s.b.a.e.mvc.EndpointHandlerMapping     : Mapped "{[/archaius],methods=[GET],params=[],headers=[],consumes=[],produces=[],custom=[]}" onto public java.lang.Object org.springframework.boot.actuate.endpoint.mvc.EndpointMvcAdapter.invoke()
2015-08-17 13:01:38.177  INFO 12796 --- [kaServer.main()] o.s.b.a.e.mvc.EndpointHandlerMapping     : Mapped "{[/trace],methods=[GET],params=[],headers=[],consumes=[],produces=[],custom=[]}" onto public java.lang.Object org.springframework.boot.actuate.endpoint.mvc.EndpointMvcAdapter.invoke()
2015-08-17 13:01:38.177  INFO 12796 --- [kaServer.main()] o.s.b.a.e.mvc.EndpointHandlerMapping     : Mapped "{[/refresh],methods=[POST],params=[],headers=[],consumes=[],produces=[],custom=[]}" onto public java.lang.Object org.springframework.cloud.endpoint.GenericPostableMvcEndpoint.invoke()
2015-08-17 13:01:38.177  INFO 12796 --- [kaServer.main()] o.s.b.a.e.mvc.EndpointHandlerMapping     : Mapped "{[/restart],methods=[POST],params=[],headers=[],consumes=[],produces=[],custom=[]}" onto public java.lang.Object org.springframework.cloud.context.restart.RestartMvcEndpoint.invoke()
2015-08-17 13:01:38.177  INFO 12796 --- [kaServer.main()] o.s.b.a.e.mvc.EndpointHandlerMapping     : Mapped "{[/configprops],methods=[GET],params=[],headers=[],consumes=[],produces=[],custom=[]}" onto public java.lang.Object org.springframework.boot.actuate.endpoint.mvc.EndpointMvcAdapter.invoke()
2015-08-17 13:01:38.177  INFO 12796 --- [kaServer.main()] o.s.b.a.e.mvc.EndpointHandlerMapping     : Mapped "{[/beans],methods=[GET],params=[],headers=[],consumes=[],produces=[],custom=[]}" onto public java.lang.Object org.springframework.boot.actuate.endpoint.mvc.EndpointMvcAdapter.invoke()
2015-08-17 13:01:38.178  INFO 12796 --- [kaServer.main()] o.s.b.a.e.mvc.EndpointHandlerMapping     : Mapped "{[/autoconfig],methods=[GET],params=[],headers=[],consumes=[],produces=[],custom=[]}" onto public java.lang.Object org.springframework.boot.actuate.endpoint.mvc.EndpointMvcAdapter.invoke()
2015-08-17 13:01:38.178  INFO 12796 --- [kaServer.main()] o.s.b.a.e.mvc.EndpointHandlerMapping     : Mapped "{[/env/{name:.*}],methods=[GET],params=[],headers=[],consumes=[],produces=[],custom=[]}" onto public java.lang.Object org.springframework.boot.actuate.endpoint.mvc.EnvironmentMvcEndpoint.value(java.lang.String)
2015-08-17 13:01:38.178  INFO 12796 --- [kaServer.main()] o.s.b.a.e.mvc.EndpointHandlerMapping     : Mapped "{[/env],methods=[GET],params=[],headers=[],consumes=[],produces=[],custom=[]}" onto public java.lang.Object org.springframework.boot.actuate.endpoint.mvc.EndpointMvcAdapter.invoke()
2015-08-17 13:01:38.178  INFO 12796 --- [kaServer.main()] o.s.b.a.e.mvc.EndpointHandlerMapping     : Mapped "{[/metrics/{name:.*}],methods=[GET],params=[],headers=[],consumes=[],produces=[],custom=[]}" onto public java.lang.Object org.springframework.boot.actuate.endpoint.mvc.MetricsMvcEndpoint.value(java.lang.String)
2015-08-17 13:01:38.178  INFO 12796 --- [kaServer.main()] o.s.b.a.e.mvc.EndpointHandlerMapping     : Mapped "{[/metrics],methods=[GET],params=[],headers=[],consumes=[],produces=[],custom=[]}" onto public java.lang.Object org.springframework.boot.actuate.endpoint.mvc.EndpointMvcAdapter.invoke()
2015-08-17 13:01:38.178  INFO 12796 --- [kaServer.main()] o.s.b.a.e.mvc.EndpointHandlerMapping     : Mapped "{[/health],methods=[],params=[],headers=[],consumes=[],produces=[],custom=[]}" onto public java.lang.Object org.springframework.boot.actuate.endpoint.mvc.HealthMvcEndpoint.invoke(java.security.Principal)
2015-08-17 13:01:38.178  INFO 12796 --- [kaServer.main()] o.s.b.a.e.mvc.EndpointHandlerMapping     : Mapped "{[/dump],methods=[GET],params=[],headers=[],consumes=[],produces=[],custom=[]}" onto public java.lang.Object org.springframework.boot.actuate.endpoint.mvc.EndpointMvcAdapter.invoke()
2015-08-17 13:01:38.179  INFO 12796 --- [kaServer.main()] o.s.b.a.e.mvc.EndpointHandlerMapping     : Mapped "{[/env],methods=[POST],params=[],headers=[],consumes=[],produces=[],custom=[]}" onto public java.lang.Object org.springframework.cloud.context.environment.EnvironmentManagerMvcEndpoint.value(java.util.Map<java.lang.String, java.lang.String>)
2015-08-17 13:01:38.179  INFO 12796 --- [kaServer.main()] o.s.b.a.e.mvc.EndpointHandlerMapping     : Mapped "{[/env/reset],methods=[POST],params=[],headers=[],consumes=[],produces=[],custom=[]}" onto public java.util.Map<java.lang.String, java.lang.Object> org.springframework.cloud.context.environment.EnvironmentManagerMvcEndpoint.reset()
2015-08-17 13:01:38.179  INFO 12796 --- [kaServer.main()] o.s.b.a.e.mvc.EndpointHandlerMapping     : Mapped "{[/resume],methods=[POST],params=[],headers=[],consumes=[],produces=[],custom=[]}" onto public java.lang.Object org.springframework.cloud.endpoint.GenericPostableMvcEndpoint.invoke()
2015-08-17 13:01:38.179  INFO 12796 --- [kaServer.main()] o.s.b.a.e.mvc.EndpointHandlerMapping     : Mapped "{[/info],methods=[GET],params=[],headers=[],consumes=[],produces=[],custom=[]}" onto public java.lang.Object org.springframework.boot.actuate.endpoint.mvc.EndpointMvcAdapter.invoke()
2015-08-17 13:01:38.179  INFO 12796 --- [kaServer.main()] o.s.b.a.e.mvc.EndpointHandlerMapping     : Mapped "{[/mappings],methods=[GET],params=[],headers=[],consumes=[],produces=[],custom=[]}" onto public java.lang.Object org.springframework.boot.actuate.endpoint.mvc.EndpointMvcAdapter.invoke()
2015-08-17 13:01:38.229  INFO 12796 --- [kaServer.main()] o.s.ui.freemarker.SpringTemplateLoader   : SpringTemplateLoader for FreeMarker: using resource loader [org.springframework.boot.context.embedded.AnnotationConfigEmbeddedWebApplicationContext@2879b739: startup date [Mon Aug 17 13:01:33 CDT 2015]; parent: org.springframework.context.annotation.AnnotationConfigApplicationContext@7cea9d7a] and template loader path [classpath:/templates/]
2015-08-17 13:01:38.230  INFO 12796 --- [kaServer.main()] o.s.w.s.v.f.FreeMarkerConfigurer         : ClassTemplateLoader for Spring macros added to FreeMarker configuration
2015-08-17 13:01:38.281  WARN 12796 --- [kaServer.main()] c.n.c.sources.URLConfigurationSource     : No URLs will be polled as dynamic configuration sources.
2015-08-17 13:01:38.289  INFO 12796 --- [kaServer.main()] o.s.j.e.a.AnnotationMBeanExporter        : Registering beans for JMX exposure on startup
2015-08-17 13:01:38.294  INFO 12796 --- [kaServer.main()] o.s.j.e.a.AnnotationMBeanExporter        : Bean with name 'refreshEndpoint' has been autodetected for JMX exposure
2015-08-17 13:01:38.295  INFO 12796 --- [kaServer.main()] o.s.j.e.a.AnnotationMBeanExporter        : Bean with name 'restartEndpoint' has been autodetected for JMX exposure
2015-08-17 13:01:38.295  INFO 12796 --- [kaServer.main()] o.s.j.e.a.AnnotationMBeanExporter        : Bean with name 'configurationPropertiesRebinder' has been autodetected for JMX exposure
2015-08-17 13:01:38.295  INFO 12796 --- [kaServer.main()] o.s.j.e.a.AnnotationMBeanExporter        : Bean with name 'refreshScope' has been autodetected for JMX exposure
2015-08-17 13:01:38.296  INFO 12796 --- [kaServer.main()] o.s.j.e.a.AnnotationMBeanExporter        : Bean with name 'environmentManager' has been autodetected for JMX exposure
2015-08-17 13:01:38.298  INFO 12796 --- [kaServer.main()] o.s.j.e.a.AnnotationMBeanExporter        : Located managed bean 'environmentManager': registering with JMX server as MBean [org.springframework.cloud.context.environment:name=environmentManager,type=EnvironmentManager]
2015-08-17 13:01:38.305  INFO 12796 --- [kaServer.main()] o.s.j.e.a.AnnotationMBeanExporter        : Located managed bean 'restartEndpoint': registering with JMX server as MBean [org.springframework.cloud.context.restart:name=restartEndpoint,type=RestartEndpoint]
2015-08-17 13:01:38.313  INFO 12796 --- [kaServer.main()] o.s.j.e.a.AnnotationMBeanExporter        : Located managed bean 'refreshScope': registering with JMX server as MBean [org.springframework.cloud.context.scope.refresh:name=refreshScope,type=RefreshScope]
2015-08-17 13:01:38.316  INFO 12796 --- [kaServer.main()] o.s.j.e.a.AnnotationMBeanExporter        : Located managed bean 'configurationPropertiesRebinder': registering with JMX server as MBean [org.springframework.cloud.context.properties:name=configurationPropertiesRebinder,context=2879b739,type=ConfigurationPropertiesRebinder]
2015-08-17 13:01:38.322  INFO 12796 --- [kaServer.main()] o.s.j.e.a.AnnotationMBeanExporter        : Located managed bean 'refreshEndpoint': registering with JMX server as MBean [org.springframework.cloud.bootstrap.config:name=refreshEndpoint,type=RefreshEndpoint]
2015-08-17 13:01:38.325  INFO 12796 --- [kaServer.main()] o.s.c.support.DefaultLifecycleProcessor  : Starting beans in phase 0
2015-08-17 13:01:38.547  WARN 12796 --- [       Thread-2] c.n.eureka.PeerAwareInstanceRegistry     : The replica size seems to be empty. Check the route 53 DNS Registry
2015-08-17 13:01:38.595  INFO 12796 --- [kaServer.main()] s.b.c.e.t.TomcatEmbeddedServletContainer : Tomcat started on port(s): 8761 (http)
2015-08-17 13:01:38.596  INFO 12796 --- [kaServer.main()] io.pivotal.sfdc.EurekaServer             : Started EurekaServer in 5.86 seconds (JVM running for 9.0)
2015-08-17 13:02:28.776  INFO 12796 --- [nio-8761-exec-1] o.a.c.c.C.[Tomcat].[localhost].[/]       : Initializing Spring FrameworkServlet 'dispatcherServlet'
2015-08-17 13:02:28.777  INFO 12796 --- [nio-8761-exec-1] o.s.web.servlet.DispatcherServlet        : FrameworkServlet 'dispatcherServlet': initialization started
2015-08-17 13:02:28.829  INFO 12796 --- [nio-8761-exec-1] o.s.web.servlet.DispatcherServlet        : FrameworkServlet 'dispatcherServlet': initialization completed in 52 ms
2015-08-17 13:02:43.241  WARN 12796 --- [nio-8761-exec-5] com.netflix.eureka.InstanceRegistry      : DS: Registry: cancel failed because Lease is not registered for: CONTACTSERVICE:Jigs-Work-MacBook-Pro.local
2015-08-17 13:02:44.787  WARN 12796 --- [nio-8761-exec-8] com.netflix.eureka.InstanceRegistry      : DS: Registry: lease doesn't exist, registering resource: SFDCWEBAPP - localhost:sfdcwebapp:9090
2015-08-17 13:02:44.787  WARN 12796 --- [nio-8761-exec-8] c.n.eureka.resources.InstanceResource    : Not Found (Renew): SFDCWEBAPP - localhost:sfdcwebapp:9090
2015-08-17 13:02:47.101  WARN 12796 --- [io-8761-exec-10] com.netflix.eureka.InstanceRegistry      : DS: Registry: lease doesn't exist, registering resource: SFDCAPIGATEWAY - localhost:sfdcapigateway:9011
2015-08-17 13:02:47.102  WARN 12796 --- [io-8761-exec-10] c.n.eureka.resources.InstanceResource    : Not Found (Renew): SFDCAPIGATEWAY - localhost:sfdcapigateway:9011
2015-08-17 13:02:48.587  WARN 12796 --- [nio-8761-exec-2] com.netflix.eureka.InstanceRegistry      : DS: Registry: lease doesn't exist, registering resource: OPPORTUNITYSERVICE - localhost:opportunityService:9003
2015-08-17 13:02:48.588  WARN 12796 --- [nio-8761-exec-2] c.n.eureka.resources.InstanceResource    : Not Found (Renew): OPPORTUNITYSERVICE - localhost:opportunityService:9003
2015-08-17 13:02:59.293  WARN 12796 --- [nio-8761-exec-1] com.netflix.eureka.InstanceRegistry      : DS: Registry: lease doesn't exist, registering resource: HYSTRIXDASHBOARD - Jigs-Work-MacBook-Pro.local
2015-08-17 13:02:59.293  WARN 12796 --- [nio-8761-exec-1] c.n.eureka.resources.InstanceResource    : Not Found (Renew): HYSTRIXDASHBOARD - Jigs-Work-MacBook-Pro.local
2015-08-17 13:03:19.877  WARN 12796 --- [io-8761-exec-10] c.n.eureka.resources.InstanceResource    : Time to sync, since the last dirty timestamp differs - ReplicationInstance id : localhost:sfdcwebapp:9090,Registry : 1439834559804 Incoming: 1439834599786 Replication: false
2015-08-17 13:03:22.173  WARN 12796 --- [nio-8761-exec-3] c.n.eureka.resources.InstanceResource    : Time to sync, since the last dirty timestamp differs - ReplicationInstance id : localhost:sfdcapigateway:9011,Registry : 1439834562092 Incoming: 1439834602101 Replication: false
2015-08-17 13:03:23.656  WARN 12796 --- [nio-8761-exec-6] c.n.eureka.resources.InstanceResource    : Time to sync, since the last dirty timestamp differs - ReplicationInstance id : localhost:opportunityService:9003,Registry : 1439834563576 Incoming: 1439834603580 Replication: false
2015-08-17 13:03:29.323  WARN 12796 --- [nio-8761-exec-2] c.n.eureka.resources.InstanceResource    : Time to sync, since the last dirty timestamp differs - ReplicationInstance id : Jigs-Work-MacBook-Pro.local,Registry : 1439834549294 Incoming: 1439834589302 Replication: false
[INFO] Scanning for projects...
[INFO]                                                                         
[INFO] ------------------------------------------------------------------------
[INFO] Building eurekaServer 0.0.1-SNAPSHOT
[INFO] ------------------------------------------------------------------------
[INFO] 
[INFO] >>> spring-boot-maven-plugin:1.2.5.RELEASE:run (default-cli) > test-compile @ eurekaServer >>>
[INFO] 
[INFO] --- maven-resources-plugin:2.6:resources (default-resources) @ eurekaServer ---
[INFO] Using 'UTF-8' encoding to copy filtered resources.
[INFO] Copying 1 resource
[INFO] Copying 1 resource
[INFO] 
[INFO] --- maven-compiler-plugin:3.1:compile (default-compile) @ eurekaServer ---
[INFO] Nothing to compile - all classes are up to date
[INFO] 
[INFO] --- maven-resources-plugin:2.6:testResources (default-testResources) @ eurekaServer ---
[INFO] Using 'UTF-8' encoding to copy filtered resources.
[INFO] skip non existing resourceDirectory /Users/jsheth/Documents/workspace/microservice-samples/SFDCApp/eurekaServer/src/test/resources
[INFO] 
[INFO] --- maven-compiler-plugin:3.1:testCompile (default-testCompile) @ eurekaServer ---
[INFO] Nothing to compile - all classes are up to date
[INFO] 
[INFO] <<< spring-boot-maven-plugin:1.2.5.RELEASE:run (default-cli) < test-compile @ eurekaServer <<<
[INFO] 
[INFO] --- spring-boot-maven-plugin:1.2.5.RELEASE:run (default-cli) @ eurekaServer ---
2015-08-17 13:09:16.128  INFO 13116 --- [kaServer.main()] io.pivotal.sfdc.EurekaServer             : Starting EurekaServer on Jigs-Work-MacBook-Pro.local with PID 13116 (/Users/jsheth/Documents/workspace/microservice-samples/SFDCApp/eurekaServer/target/classes started by jsheth in /Users/jsheth/Documents/workspace/microservice-samples/SFDCApp/eurekaServer)
2015-08-17 13:09:16.166  INFO 13116 --- [kaServer.main()] s.c.a.AnnotationConfigApplicationContext : Refreshing org.springframework.context.annotation.AnnotationConfigApplicationContext@585a4e39: startup date [Mon Aug 17 13:09:16 CDT 2015]; root of context hierarchy
2015-08-17 13:09:16.375  INFO 13116 --- [kaServer.main()] f.a.AutowiredAnnotationBeanPostProcessor : JSR-330 'javax.inject.Inject' annotation found and supported for autowiring
2015-08-17 13:09:16.563  INFO 13116 --- [kaServer.main()] trationDelegate$BeanPostProcessorChecker : Bean 'encrypt.CONFIGURATION_PROPERTIES' of type [class org.springframework.cloud.bootstrap.encrypt.KeyProperties] is not eligible for getting processed by all BeanPostProcessors (for example: not eligible for auto-proxying)
2015-08-17 13:09:16.564  INFO 13116 --- [kaServer.main()] trationDelegate$BeanPostProcessorChecker : Bean 'encryptionBootstrapConfiguration' of type [class org.springframework.cloud.bootstrap.encrypt.EncryptionBootstrapConfiguration$$EnhancerBySpringCGLIB$$8570d571] is not eligible for getting processed by all BeanPostProcessors (for example: not eligible for auto-proxying)
2015-08-17 13:09:16.620  INFO 13116 --- [kaServer.main()] io.pivotal.sfdc.EurekaServer             : Started EurekaServer in 0.949 seconds (JVM running for 4.605)

  .   ____          _            __ _ _
 /\\ / ___'_ __ _ _(_)_ __  __ _ \ \ \ \
( ( )\___ | '_ | '_| | '_ \/ _` | \ \ \ \
 \\/  ___)| |_)| | | | | || (_| |  ) ) ) )
  '  |____| .__|_| |_|_| |_\__, | / / / /
 =========|_|==============|___/=/_/_/_/
 :: Spring Boot ::        (v1.2.5.RELEASE)

2015-08-17 13:09:16.702  INFO 13116 --- [kaServer.main()] ationConfigEmbeddedWebApplicationContext : Refreshing org.springframework.boot.context.embedded.AnnotationConfigEmbeddedWebApplicationContext@21ed8aa1: startup date [Mon Aug 17 13:09:16 CDT 2015]; parent: org.springframework.context.annotation.AnnotationConfigApplicationContext@585a4e39
2015-08-17 13:09:17.632  INFO 13116 --- [kaServer.main()] o.s.b.f.s.DefaultListableBeanFactory     : Overriding bean definition for bean 'beanNameViewResolver': replacing [Root bean: class [null]; scope=; abstract=false; lazyInit=false; autowireMode=3; dependencyCheck=0; autowireCandidate=true; primary=false; factoryBeanName=org.springframework.boot.autoconfigure.web.ErrorMvcAutoConfiguration$WhitelabelErrorViewConfiguration; factoryMethodName=beanNameViewResolver; initMethodName=null; destroyMethodName=(inferred); defined in class path resource [org/springframework/boot/autoconfigure/web/ErrorMvcAutoConfiguration$WhitelabelErrorViewConfiguration.class]] with [Root bean: class [null]; scope=; abstract=false; lazyInit=false; autowireMode=3; dependencyCheck=0; autowireCandidate=true; primary=false; factoryBeanName=org.springframework.boot.autoconfigure.web.WebMvcAutoConfiguration$WebMvcAutoConfigurationAdapter; factoryMethodName=beanNameViewResolver; initMethodName=null; destroyMethodName=(inferred); defined in class path resource [org/springframework/boot/autoconfigure/web/WebMvcAutoConfiguration$WebMvcAutoConfigurationAdapter.class]]
2015-08-17 13:09:17.749  INFO 13116 --- [kaServer.main()] o.s.b.f.s.DefaultListableBeanFactory     : Overriding bean definition for bean 'infoEndpoint': replacing [Root bean: class [null]; scope=; abstract=false; lazyInit=false; autowireMode=3; dependencyCheck=0; autowireCandidate=true; primary=false; factoryBeanName=org.springframework.boot.actuate.autoconfigure.EndpointAutoConfiguration; factoryMethodName=infoEndpoint; initMethodName=null; destroyMethodName=(inferred); defined in class path resource [org/springframework/boot/actuate/autoconfigure/EndpointAutoConfiguration.class]] with [Root bean: class [null]; scope=; abstract=false; lazyInit=false; autowireMode=3; dependencyCheck=0; autowireCandidate=true; primary=false; factoryBeanName=org.springframework.cloud.autoconfigure.RefreshAutoConfiguration$InfoEndpointRebinderConfiguration; factoryMethodName=infoEndpoint; initMethodName=null; destroyMethodName=(inferred); defined in class path resource [org/springframework/cloud/autoconfigure/RefreshAutoConfiguration$InfoEndpointRebinderConfiguration.class]]
2015-08-17 13:09:18.005  INFO 13116 --- [kaServer.main()] f.a.AutowiredAnnotationBeanPostProcessor : JSR-330 'javax.inject.Inject' annotation found and supported for autowiring
2015-08-17 13:09:18.033  INFO 13116 --- [kaServer.main()] trationDelegate$BeanPostProcessorChecker : Bean 'org.springframework.cloud.autoconfigure.RefreshAutoConfiguration$ConfigurationPropertiesRebinderConfiguration' of type [class org.springframework.cloud.autoconfigure.RefreshAutoConfiguration$ConfigurationPropertiesRebinderConfiguration$$EnhancerBySpringCGLIB$$b5a7984e] is not eligible for getting processed by all BeanPostProcessors (for example: not eligible for auto-proxying)
2015-08-17 13:09:18.376  INFO 13116 --- [kaServer.main()] s.b.c.e.t.TomcatEmbeddedServletContainer : Tomcat initialized with port(s): 8761 (http)
2015-08-17 13:09:18.752  INFO 13116 --- [kaServer.main()] o.apache.catalina.core.StandardService   : Starting service Tomcat
2015-08-17 13:09:18.753  INFO 13116 --- [kaServer.main()] org.apache.catalina.core.StandardEngine  : Starting Servlet Engine: Apache Tomcat/8.0.23
2015-08-17 13:09:18.840  INFO 13116 --- [ost-startStop-1] o.a.c.c.C.[Tomcat].[localhost].[/]       : Initializing Spring embedded WebApplicationContext
2015-08-17 13:09:18.840  INFO 13116 --- [ost-startStop-1] o.s.web.context.ContextLoader            : Root WebApplicationContext: initialization completed in 2138 ms
2015-08-17 13:09:19.882  INFO 13116 --- [ost-startStop-1] o.s.b.c.embedded.FilterRegistrationBean  : Mapping filter: 'metricFilter' to: [/*]
2015-08-17 13:09:19.883  INFO 13116 --- [ost-startStop-1] o.s.b.c.embedded.FilterRegistrationBean  : Mapping filter: 'characterEncodingFilter' to: [/*]
2015-08-17 13:09:19.884  INFO 13116 --- [ost-startStop-1] o.s.b.c.embedded.FilterRegistrationBean  : Mapping filter: 'hiddenHttpMethodFilter' to: [/*]
2015-08-17 13:09:19.884  INFO 13116 --- [ost-startStop-1] o.s.b.c.embedded.FilterRegistrationBean  : Mapping filter: 'webRequestTraceFilter' to: [/*]
2015-08-17 13:09:19.884  INFO 13116 --- [ost-startStop-1] o.s.b.c.embedded.FilterRegistrationBean  : Mapping filter: 'servletContainer' to urls: [/eureka/*]
2015-08-17 13:09:19.884  INFO 13116 --- [ost-startStop-1] o.s.b.c.embedded.FilterRegistrationBean  : Mapping filter: 'applicationContextIdFilter' to: [/*]
2015-08-17 13:09:19.884  INFO 13116 --- [ost-startStop-1] o.s.b.c.e.ServletRegistrationBean        : Mapping servlet: 'dispatcherServlet' to [/]
2015-08-17 13:09:20.038  INFO 13116 --- [ost-startStop-1] c.s.j.s.i.a.WebApplicationImpl           : Initiating Jersey application, version 'Jersey: 1.13 06/29/2012 05:14 PM'
2015-08-17 13:09:20.670  WARN 13116 --- [kaServer.main()] c.n.c.sources.URLConfigurationSource     : No URLs will be polled as dynamic configuration sources.
2015-08-17 13:09:21.118  INFO 13116 --- [kaServer.main()] s.w.s.m.m.a.RequestMappingHandlerAdapter : Looking for @ControllerAdvice: org.springframework.boot.context.embedded.AnnotationConfigEmbeddedWebApplicationContext@21ed8aa1: startup date [Mon Aug 17 13:09:16 CDT 2015]; parent: org.springframework.context.annotation.AnnotationConfigApplicationContext@585a4e39
2015-08-17 13:09:21.164  INFO 13116 --- [kaServer.main()] s.w.s.m.m.a.RequestMappingHandlerMapping : Mapped "{[/],methods=[GET],params=[],headers=[],consumes=[],produces=[],custom=[]}" onto public java.lang.String org.springframework.cloud.netflix.eureka.server.EurekaController.status(javax.servlet.http.HttpServletRequest,java.util.Map<java.lang.String, java.lang.Object>)
2015-08-17 13:09:21.164  INFO 13116 --- [kaServer.main()] s.w.s.m.m.a.RequestMappingHandlerMapping : Mapped "{[/lastn],methods=[GET],params=[],headers=[],consumes=[],produces=[],custom=[]}" onto public java.lang.String org.springframework.cloud.netflix.eureka.server.EurekaController.lastn(javax.servlet.http.HttpServletRequest,java.util.Map<java.lang.String, java.lang.Object>)
2015-08-17 13:09:21.165  INFO 13116 --- [kaServer.main()] s.w.s.m.m.a.RequestMappingHandlerMapping : Mapped "{[/error],methods=[],params=[],headers=[],consumes=[],produces=[],custom=[]}" onto public org.springframework.http.ResponseEntity<java.util.Map<java.lang.String, java.lang.Object>> org.springframework.boot.autoconfigure.web.BasicErrorController.error(javax.servlet.http.HttpServletRequest)
2015-08-17 13:09:21.165  INFO 13116 --- [kaServer.main()] s.w.s.m.m.a.RequestMappingHandlerMapping : Mapped "{[/error],methods=[],params=[],headers=[],consumes=[],produces=[text/html],custom=[]}" onto public org.springframework.web.servlet.ModelAndView org.springframework.boot.autoconfigure.web.BasicErrorController.errorHtml(javax.servlet.http.HttpServletRequest)
2015-08-17 13:09:21.185  INFO 13116 --- [kaServer.main()] o.s.w.s.handler.SimpleUrlHandlerMapping  : Mapped URL path [/webjars/**] onto handler of type [class org.springframework.web.servlet.resource.ResourceHttpRequestHandler]
2015-08-17 13:09:21.186  INFO 13116 --- [kaServer.main()] o.s.w.s.handler.SimpleUrlHandlerMapping  : Mapped URL path [/**] onto handler of type [class org.springframework.web.servlet.resource.ResourceHttpRequestHandler]
2015-08-17 13:09:21.216  INFO 13116 --- [kaServer.main()] o.s.w.s.handler.SimpleUrlHandlerMapping  : Mapped URL path [/**/favicon.ico] onto handler of type [class org.springframework.web.servlet.resource.ResourceHttpRequestHandler]
2015-08-17 13:09:21.544  INFO 13116 --- [kaServer.main()] o.s.b.a.e.mvc.EndpointHandlerMapping     : Mapped "{[/env/{name:.*}],methods=[GET],params=[],headers=[],consumes=[],produces=[],custom=[]}" onto public java.lang.Object org.springframework.boot.actuate.endpoint.mvc.EnvironmentMvcEndpoint.value(java.lang.String)
2015-08-17 13:09:21.544  INFO 13116 --- [kaServer.main()] o.s.b.a.e.mvc.EndpointHandlerMapping     : Mapped "{[/env],methods=[GET],params=[],headers=[],consumes=[],produces=[],custom=[]}" onto public java.lang.Object org.springframework.boot.actuate.endpoint.mvc.EndpointMvcAdapter.invoke()
2015-08-17 13:09:21.545  INFO 13116 --- [kaServer.main()] o.s.b.a.e.mvc.EndpointHandlerMapping     : Mapped "{[/configprops],methods=[GET],params=[],headers=[],consumes=[],produces=[],custom=[]}" onto public java.lang.Object org.springframework.boot.actuate.endpoint.mvc.EndpointMvcAdapter.invoke()
2015-08-17 13:09:21.545  INFO 13116 --- [kaServer.main()] o.s.b.a.e.mvc.EndpointHandlerMapping     : Mapped "{[/metrics/{name:.*}],methods=[GET],params=[],headers=[],consumes=[],produces=[],custom=[]}" onto public java.lang.Object org.springframework.boot.actuate.endpoint.mvc.MetricsMvcEndpoint.value(java.lang.String)
2015-08-17 13:09:21.545  INFO 13116 --- [kaServer.main()] o.s.b.a.e.mvc.EndpointHandlerMapping     : Mapped "{[/metrics],methods=[GET],params=[],headers=[],consumes=[],produces=[],custom=[]}" onto public java.lang.Object org.springframework.boot.actuate.endpoint.mvc.EndpointMvcAdapter.invoke()
2015-08-17 13:09:21.545  INFO 13116 --- [kaServer.main()] o.s.b.a.e.mvc.EndpointHandlerMapping     : Mapped "{[/resume],methods=[POST],params=[],headers=[],consumes=[],produces=[],custom=[]}" onto public java.lang.Object org.springframework.cloud.endpoint.GenericPostableMvcEndpoint.invoke()
2015-08-17 13:09:21.545  INFO 13116 --- [kaServer.main()] o.s.b.a.e.mvc.EndpointHandlerMapping     : Mapped "{[/restart],methods=[POST],params=[],headers=[],consumes=[],produces=[],custom=[]}" onto public java.lang.Object org.springframework.cloud.context.restart.RestartMvcEndpoint.invoke()
2015-08-17 13:09:21.546  INFO 13116 --- [kaServer.main()] o.s.b.a.e.mvc.EndpointHandlerMapping     : Mapped "{[/trace],methods=[GET],params=[],headers=[],consumes=[],produces=[],custom=[]}" onto public java.lang.Object org.springframework.boot.actuate.endpoint.mvc.EndpointMvcAdapter.invoke()
2015-08-17 13:09:21.546  INFO 13116 --- [kaServer.main()] o.s.b.a.e.mvc.EndpointHandlerMapping     : Mapped "{[/autoconfig],methods=[GET],params=[],headers=[],consumes=[],produces=[],custom=[]}" onto public java.lang.Object org.springframework.boot.actuate.endpoint.mvc.EndpointMvcAdapter.invoke()
2015-08-17 13:09:21.546  INFO 13116 --- [kaServer.main()] o.s.b.a.e.mvc.EndpointHandlerMapping     : Mapped "{[/beans],methods=[GET],params=[],headers=[],consumes=[],produces=[],custom=[]}" onto public java.lang.Object org.springframework.boot.actuate.endpoint.mvc.EndpointMvcAdapter.invoke()
2015-08-17 13:09:21.546  INFO 13116 --- [kaServer.main()] o.s.b.a.e.mvc.EndpointHandlerMapping     : Mapped "{[/mappings],methods=[GET],params=[],headers=[],consumes=[],produces=[],custom=[]}" onto public java.lang.Object org.springframework.boot.actuate.endpoint.mvc.EndpointMvcAdapter.invoke()
2015-08-17 13:09:21.546  INFO 13116 --- [kaServer.main()] o.s.b.a.e.mvc.EndpointHandlerMapping     : Mapped "{[/archaius],methods=[GET],params=[],headers=[],consumes=[],produces=[],custom=[]}" onto public java.lang.Object org.springframework.boot.actuate.endpoint.mvc.EndpointMvcAdapter.invoke()
2015-08-17 13:09:21.547  INFO 13116 --- [kaServer.main()] o.s.b.a.e.mvc.EndpointHandlerMapping     : Mapped "{[/env],methods=[POST],params=[],headers=[],consumes=[],produces=[],custom=[]}" onto public java.lang.Object org.springframework.cloud.context.environment.EnvironmentManagerMvcEndpoint.value(java.util.Map<java.lang.String, java.lang.String>)
2015-08-17 13:09:21.547  INFO 13116 --- [kaServer.main()] o.s.b.a.e.mvc.EndpointHandlerMapping     : Mapped "{[/env/reset],methods=[POST],params=[],headers=[],consumes=[],produces=[],custom=[]}" onto public java.util.Map<java.lang.String, java.lang.Object> org.springframework.cloud.context.environment.EnvironmentManagerMvcEndpoint.reset()
2015-08-17 13:09:21.547  INFO 13116 --- [kaServer.main()] o.s.b.a.e.mvc.EndpointHandlerMapping     : Mapped "{[/refresh],methods=[POST],params=[],headers=[],consumes=[],produces=[],custom=[]}" onto public java.lang.Object org.springframework.cloud.endpoint.GenericPostableMvcEndpoint.invoke()
2015-08-17 13:09:21.547  INFO 13116 --- [kaServer.main()] o.s.b.a.e.mvc.EndpointHandlerMapping     : Mapped "{[/pause],methods=[POST],params=[],headers=[],consumes=[],produces=[],custom=[]}" onto public java.lang.Object org.springframework.cloud.endpoint.GenericPostableMvcEndpoint.invoke()
2015-08-17 13:09:21.547  INFO 13116 --- [kaServer.main()] o.s.b.a.e.mvc.EndpointHandlerMapping     : Mapped "{[/health],methods=[],params=[],headers=[],consumes=[],produces=[],custom=[]}" onto public java.lang.Object org.springframework.boot.actuate.endpoint.mvc.HealthMvcEndpoint.invoke(java.security.Principal)
2015-08-17 13:09:21.547  INFO 13116 --- [kaServer.main()] o.s.b.a.e.mvc.EndpointHandlerMapping     : Mapped "{[/info],methods=[GET],params=[],headers=[],consumes=[],produces=[],custom=[]}" onto public java.lang.Object org.springframework.boot.actuate.endpoint.mvc.EndpointMvcAdapter.invoke()
2015-08-17 13:09:21.548  INFO 13116 --- [kaServer.main()] o.s.b.a.e.mvc.EndpointHandlerMapping     : Mapped "{[/dump],methods=[GET],params=[],headers=[],consumes=[],produces=[],custom=[]}" onto public java.lang.Object org.springframework.boot.actuate.endpoint.mvc.EndpointMvcAdapter.invoke()
2015-08-17 13:09:21.606  INFO 13116 --- [kaServer.main()] o.s.ui.freemarker.SpringTemplateLoader   : SpringTemplateLoader for FreeMarker: using resource loader [org.springframework.boot.context.embedded.AnnotationConfigEmbeddedWebApplicationContext@21ed8aa1: startup date [Mon Aug 17 13:09:16 CDT 2015]; parent: org.springframework.context.annotation.AnnotationConfigApplicationContext@585a4e39] and template loader path [classpath:/templates/]
2015-08-17 13:09:21.607  INFO 13116 --- [kaServer.main()] o.s.w.s.v.f.FreeMarkerConfigurer         : ClassTemplateLoader for Spring macros added to FreeMarker configuration
2015-08-17 13:09:21.680  WARN 13116 --- [kaServer.main()] c.n.c.sources.URLConfigurationSource     : No URLs will be polled as dynamic configuration sources.
2015-08-17 13:09:21.692  INFO 13116 --- [kaServer.main()] o.s.j.e.a.AnnotationMBeanExporter        : Registering beans for JMX exposure on startup
2015-08-17 13:09:21.700  INFO 13116 --- [kaServer.main()] o.s.j.e.a.AnnotationMBeanExporter        : Bean with name 'refreshEndpoint' has been autodetected for JMX exposure
2015-08-17 13:09:21.700  INFO 13116 --- [kaServer.main()] o.s.j.e.a.AnnotationMBeanExporter        : Bean with name 'restartEndpoint' has been autodetected for JMX exposure
2015-08-17 13:09:21.701  INFO 13116 --- [kaServer.main()] o.s.j.e.a.AnnotationMBeanExporter        : Bean with name 'configurationPropertiesRebinder' has been autodetected for JMX exposure
2015-08-17 13:09:21.701  INFO 13116 --- [kaServer.main()] o.s.j.e.a.AnnotationMBeanExporter        : Bean with name 'refreshScope' has been autodetected for JMX exposure
2015-08-17 13:09:21.702  INFO 13116 --- [kaServer.main()] o.s.j.e.a.AnnotationMBeanExporter        : Bean with name 'environmentManager' has been autodetected for JMX exposure
2015-08-17 13:09:21.704  INFO 13116 --- [kaServer.main()] o.s.j.e.a.AnnotationMBeanExporter        : Located managed bean 'environmentManager': registering with JMX server as MBean [org.springframework.cloud.context.environment:name=environmentManager,type=EnvironmentManager]
2015-08-17 13:09:21.714  INFO 13116 --- [kaServer.main()] o.s.j.e.a.AnnotationMBeanExporter        : Located managed bean 'restartEndpoint': registering with JMX server as MBean [org.springframework.cloud.context.restart:name=restartEndpoint,type=RestartEndpoint]
2015-08-17 13:09:21.721  INFO 13116 --- [kaServer.main()] o.s.j.e.a.AnnotationMBeanExporter        : Located managed bean 'refreshScope': registering with JMX server as MBean [org.springframework.cloud.context.scope.refresh:name=refreshScope,type=RefreshScope]
2015-08-17 13:09:21.726  INFO 13116 --- [kaServer.main()] o.s.j.e.a.AnnotationMBeanExporter        : Located managed bean 'configurationPropertiesRebinder': registering with JMX server as MBean [org.springframework.cloud.context.properties:name=configurationPropertiesRebinder,context=21ed8aa1,type=ConfigurationPropertiesRebinder]
2015-08-17 13:09:21.733  INFO 13116 --- [kaServer.main()] o.s.j.e.a.AnnotationMBeanExporter        : Located managed bean 'refreshEndpoint': registering with JMX server as MBean [org.springframework.cloud.bootstrap.config:name=refreshEndpoint,type=RefreshEndpoint]
2015-08-17 13:09:21.737  INFO 13116 --- [kaServer.main()] o.s.c.support.DefaultLifecycleProcessor  : Starting beans in phase 0
2015-08-17 13:09:22.058  WARN 13116 --- [       Thread-2] c.n.eureka.PeerAwareInstanceRegistry     : The replica size seems to be empty. Check the route 53 DNS Registry
2015-08-17 13:09:22.118  INFO 13116 --- [kaServer.main()] s.b.c.e.t.TomcatEmbeddedServletContainer : Tomcat started on port(s): 8761 (http)
2015-08-17 13:09:22.119  INFO 13116 --- [kaServer.main()] io.pivotal.sfdc.EurekaServer             : Started EurekaServer in 6.536 seconds (JVM running for 10.105)
2015-08-17 13:10:08.242  INFO 13116 --- [nio-8761-exec-1] o.a.c.c.C.[Tomcat].[localhost].[/]       : Initializing Spring FrameworkServlet 'dispatcherServlet'
2015-08-17 13:10:08.243  INFO 13116 --- [nio-8761-exec-1] o.s.web.servlet.DispatcherServlet        : FrameworkServlet 'dispatcherServlet': initialization started
2015-08-17 13:10:08.265  INFO 13116 --- [nio-8761-exec-1] o.s.web.servlet.DispatcherServlet        : FrameworkServlet 'dispatcherServlet': initialization completed in 22 ms
2015-08-17 13:10:28.380  WARN 13116 --- [nio-8761-exec-2] com.netflix.eureka.InstanceRegistry      : DS: Registry: lease doesn't exist, registering resource: AUTHSERVICE - localhost:authService:9000
2015-08-17 13:10:28.381  WARN 13116 --- [nio-8761-exec-2] c.n.eureka.resources.InstanceResource    : Not Found (Renew): AUTHSERVICE - localhost:authService:9000
2015-08-17 13:10:28.732  WARN 13116 --- [nio-8761-exec-6] com.netflix.eureka.InstanceRegistry      : DS: Registry: lease doesn't exist, registering resource: SFDCWEBAPP - localhost:sfdcwebapp:9090
2015-08-17 13:10:28.733  WARN 13116 --- [nio-8761-exec-6] c.n.eureka.resources.InstanceResource    : Not Found (Renew): SFDCWEBAPP - localhost:sfdcwebapp:9090
2015-08-17 13:10:31.355  WARN 13116 --- [nio-8761-exec-9] com.netflix.eureka.InstanceRegistry      : DS: Registry: lease doesn't exist, registering resource: SFDCAPIGATEWAY - localhost:sfdcapigateway:9011
2015-08-17 13:10:31.355  WARN 13116 --- [nio-8761-exec-9] c.n.eureka.resources.InstanceResource    : Not Found (Renew): SFDCAPIGATEWAY - localhost:sfdcapigateway:9011
2015-08-17 13:10:33.682  WARN 13116 --- [nio-8761-exec-9] com.netflix.eureka.InstanceRegistry      : DS: Registry: lease doesn't exist, registering resource: OPPORTUNITYSERVICE - localhost:opportunityService:9003
2015-08-17 13:10:33.682  WARN 13116 --- [nio-8761-exec-9] c.n.eureka.resources.InstanceResource    : Not Found (Renew): OPPORTUNITYSERVICE - localhost:opportunityService:9003
2015-08-17 13:10:33.896  WARN 13116 --- [nio-8761-exec-2] com.netflix.eureka.InstanceRegistry      : DS: Registry: lease doesn't exist, registering resource: CONTACTSERVICE - localhost:contactService:9002
2015-08-17 13:10:33.896  WARN 13116 --- [nio-8761-exec-2] c.n.eureka.resources.InstanceResource    : Not Found (Renew): CONTACTSERVICE - localhost:contactService:9002
2015-08-17 13:10:34.055  WARN 13116 --- [nio-8761-exec-4] com.netflix.eureka.InstanceRegistry      : DS: Registry: lease doesn't exist, registering resource: ACCOUNTSERVICE - localhost:accountService:9001
2015-08-17 13:10:34.055  WARN 13116 --- [nio-8761-exec-4] c.n.eureka.resources.InstanceResource    : Not Found (Renew): ACCOUNTSERVICE - localhost:accountService:9001
2015-08-17 13:10:43.294  WARN 13116 --- [nio-8761-exec-4] com.netflix.eureka.InstanceRegistry      : DS: Registry: lease doesn't exist, registering resource: HYSTRIXDASHBOARD - Jigs-Work-MacBook-Pro.local
2015-08-17 13:10:43.295  WARN 13116 --- [nio-8761-exec-4] c.n.eureka.resources.InstanceResource    : Not Found (Renew): HYSTRIXDASHBOARD - Jigs-Work-MacBook-Pro.local
2015-08-17 13:11:03.566  WARN 13116 --- [nio-8761-exec-8] c.n.eureka.resources.InstanceResource    : Time to sync, since the last dirty timestamp differs - ReplicationInstance id : localhost:authService:9000,Registry : 1439835023358 Incoming: 1439835063364 Replication: false
2015-08-17 13:11:03.815  WARN 13116 --- [nio-8761-exec-2] c.n.eureka.resources.InstanceResource    : Time to sync, since the last dirty timestamp differs - ReplicationInstance id : localhost:sfdcwebapp:9090,Registry : 1439835023724 Incoming: 1439835063728 Replication: false
2015-08-17 13:11:06.429  WARN 13116 --- [nio-8761-exec-7] c.n.eureka.resources.InstanceResource    : Time to sync, since the last dirty timestamp differs - ReplicationInstance id : localhost:sfdcapigateway:9011,Registry : 1439835026346 Incoming: 1439835066348 Replication: false
2015-08-17 13:11:08.751  WARN 13116 --- [nio-8761-exec-1] c.n.eureka.resources.InstanceResource    : Time to sync, since the last dirty timestamp differs - ReplicationInstance id : localhost:opportunityService:9003,Registry : 1439835028678 Incoming: 1439835068682 Replication: false
2015-08-17 13:11:08.966  WARN 13116 --- [nio-8761-exec-5] c.n.eureka.resources.InstanceResource    : Time to sync, since the last dirty timestamp differs - ReplicationInstance id : localhost:contactService:9002,Registry : 1439835028888 Incoming: 1439835068894 Replication: false
2015-08-17 13:11:09.124  WARN 13116 --- [nio-8761-exec-8] c.n.eureka.resources.InstanceResource    : Time to sync, since the last dirty timestamp differs - ReplicationInstance id : localhost:accountService:9001,Registry : 1439835029059 Incoming: 1439835069054 Replication: false
2015-08-17 13:11:13.319  WARN 13116 --- [nio-8761-exec-5] c.n.eureka.resources.InstanceResource    : Time to sync, since the last dirty timestamp differs - ReplicationInstance id : Jigs-Work-MacBook-Pro.local,Registry : 1439835013286 Incoming: 1439835053293 Replication: false
[INFO] Scanning for projects...
[INFO]                                                                         
[INFO] ------------------------------------------------------------------------
[INFO] Building eurekaServer 0.0.1-SNAPSHOT
[INFO] ------------------------------------------------------------------------
[INFO] 
[INFO] >>> spring-boot-maven-plugin:1.2.5.RELEASE:run (default-cli) > test-compile @ eurekaServer >>>
[INFO] 
[INFO] --- maven-resources-plugin:2.6:resources (default-resources) @ eurekaServer ---
[INFO] Using 'UTF-8' encoding to copy filtered resources.
[INFO] Copying 1 resource
[INFO] Copying 1 resource
[INFO] 
[INFO] --- maven-compiler-plugin:3.1:compile (default-compile) @ eurekaServer ---
[INFO] Nothing to compile - all classes are up to date
[INFO] 
[INFO] --- maven-resources-plugin:2.6:testResources (default-testResources) @ eurekaServer ---
[INFO] Using 'UTF-8' encoding to copy filtered resources.
[INFO] skip non existing resourceDirectory /Users/jsheth/Documents/workspace/microservice-samples/SFDCApp/eurekaServer/src/test/resources
[INFO] 
[INFO] --- maven-compiler-plugin:3.1:testCompile (default-testCompile) @ eurekaServer ---
[INFO] Nothing to compile - all classes are up to date
[INFO] 
[INFO] <<< spring-boot-maven-plugin:1.2.5.RELEASE:run (default-cli) < test-compile @ eurekaServer <<<
[INFO] 
[INFO] --- spring-boot-maven-plugin:1.2.5.RELEASE:run (default-cli) @ eurekaServer ---
2015-08-17 13:16:16.082  INFO 13619 --- [kaServer.main()] io.pivotal.sfdc.EurekaServer             : Starting EurekaServer on Jigs-Work-MacBook-Pro.local with PID 13619 (/Users/jsheth/Documents/workspace/microservice-samples/SFDCApp/eurekaServer/target/classes started by jsheth in /Users/jsheth/Documents/workspace/microservice-samples/SFDCApp/eurekaServer)
2015-08-17 13:16:16.125  INFO 13619 --- [kaServer.main()] s.c.a.AnnotationConfigApplicationContext : Refreshing org.springframework.context.annotation.AnnotationConfigApplicationContext@766bebdd: startup date [Mon Aug 17 13:16:16 CDT 2015]; root of context hierarchy
2015-08-17 13:16:16.364  INFO 13619 --- [kaServer.main()] f.a.AutowiredAnnotationBeanPostProcessor : JSR-330 'javax.inject.Inject' annotation found and supported for autowiring
2015-08-17 13:16:16.579  INFO 13619 --- [kaServer.main()] trationDelegate$BeanPostProcessorChecker : Bean 'encrypt.CONFIGURATION_PROPERTIES' of type [class org.springframework.cloud.bootstrap.encrypt.KeyProperties] is not eligible for getting processed by all BeanPostProcessors (for example: not eligible for auto-proxying)
2015-08-17 13:16:16.579  INFO 13619 --- [kaServer.main()] trationDelegate$BeanPostProcessorChecker : Bean 'encryptionBootstrapConfiguration' of type [class org.springframework.cloud.bootstrap.encrypt.EncryptionBootstrapConfiguration$$EnhancerBySpringCGLIB$$a8659301] is not eligible for getting processed by all BeanPostProcessors (for example: not eligible for auto-proxying)
2015-08-17 13:16:16.656  INFO 13619 --- [kaServer.main()] io.pivotal.sfdc.EurekaServer             : Started EurekaServer in 1.007 seconds (JVM running for 4.716)

  .   ____          _            __ _ _
 /\\ / ___'_ __ _ _(_)_ __  __ _ \ \ \ \
( ( )\___ | '_ | '_| | '_ \/ _` | \ \ \ \
 \\/  ___)| |_)| | | | | || (_| |  ) ) ) )
  '  |____| .__|_| |_|_| |_\__, | / / / /
 =========|_|==============|___/=/_/_/_/
 :: Spring Boot ::        (v1.2.5.RELEASE)

2015-08-17 13:16:16.741  INFO 13619 --- [kaServer.main()] ationConfigEmbeddedWebApplicationContext : Refreshing org.springframework.boot.context.embedded.AnnotationConfigEmbeddedWebApplicationContext@b7cf4a9: startup date [Mon Aug 17 13:16:16 CDT 2015]; parent: org.springframework.context.annotation.AnnotationConfigApplicationContext@766bebdd
2015-08-17 13:16:17.652  INFO 13619 --- [kaServer.main()] o.s.b.f.s.DefaultListableBeanFactory     : Overriding bean definition for bean 'beanNameViewResolver': replacing [Root bean: class [null]; scope=; abstract=false; lazyInit=false; autowireMode=3; dependencyCheck=0; autowireCandidate=true; primary=false; factoryBeanName=org.springframework.boot.autoconfigure.web.ErrorMvcAutoConfiguration$WhitelabelErrorViewConfiguration; factoryMethodName=beanNameViewResolver; initMethodName=null; destroyMethodName=(inferred); defined in class path resource [org/springframework/boot/autoconfigure/web/ErrorMvcAutoConfiguration$WhitelabelErrorViewConfiguration.class]] with [Root bean: class [null]; scope=; abstract=false; lazyInit=false; autowireMode=3; dependencyCheck=0; autowireCandidate=true; primary=false; factoryBeanName=org.springframework.boot.autoconfigure.web.WebMvcAutoConfiguration$WebMvcAutoConfigurationAdapter; factoryMethodName=beanNameViewResolver; initMethodName=null; destroyMethodName=(inferred); defined in class path resource [org/springframework/boot/autoconfigure/web/WebMvcAutoConfiguration$WebMvcAutoConfigurationAdapter.class]]
2015-08-17 13:16:17.766  INFO 13619 --- [kaServer.main()] o.s.b.f.s.DefaultListableBeanFactory     : Overriding bean definition for bean 'infoEndpoint': replacing [Root bean: class [null]; scope=; abstract=false; lazyInit=false; autowireMode=3; dependencyCheck=0; autowireCandidate=true; primary=false; factoryBeanName=org.springframework.boot.actuate.autoconfigure.EndpointAutoConfiguration; factoryMethodName=infoEndpoint; initMethodName=null; destroyMethodName=(inferred); defined in class path resource [org/springframework/boot/actuate/autoconfigure/EndpointAutoConfiguration.class]] with [Root bean: class [null]; scope=; abstract=false; lazyInit=false; autowireMode=3; dependencyCheck=0; autowireCandidate=true; primary=false; factoryBeanName=org.springframework.cloud.autoconfigure.RefreshAutoConfiguration$InfoEndpointRebinderConfiguration; factoryMethodName=infoEndpoint; initMethodName=null; destroyMethodName=(inferred); defined in class path resource [org/springframework/cloud/autoconfigure/RefreshAutoConfiguration$InfoEndpointRebinderConfiguration.class]]
2015-08-17 13:16:18.003  INFO 13619 --- [kaServer.main()] f.a.AutowiredAnnotationBeanPostProcessor : JSR-330 'javax.inject.Inject' annotation found and supported for autowiring
2015-08-17 13:16:18.025  INFO 13619 --- [kaServer.main()] trationDelegate$BeanPostProcessorChecker : Bean 'org.springframework.cloud.autoconfigure.RefreshAutoConfiguration$ConfigurationPropertiesRebinderConfiguration' of type [class org.springframework.cloud.autoconfigure.RefreshAutoConfiguration$ConfigurationPropertiesRebinderConfiguration$$EnhancerBySpringCGLIB$$d89c55de] is not eligible for getting processed by all BeanPostProcessors (for example: not eligible for auto-proxying)
2015-08-17 13:16:18.376  INFO 13619 --- [kaServer.main()] s.b.c.e.t.TomcatEmbeddedServletContainer : Tomcat initialized with port(s): 8761 (http)
2015-08-17 13:16:18.712  INFO 13619 --- [kaServer.main()] o.apache.catalina.core.StandardService   : Starting service Tomcat
2015-08-17 13:16:18.714  INFO 13619 --- [kaServer.main()] org.apache.catalina.core.StandardEngine  : Starting Servlet Engine: Apache Tomcat/8.0.23
2015-08-17 13:16:18.832  INFO 13619 --- [ost-startStop-1] o.a.c.c.C.[Tomcat].[localhost].[/]       : Initializing Spring embedded WebApplicationContext
2015-08-17 13:16:18.833  INFO 13619 --- [ost-startStop-1] o.s.web.context.ContextLoader            : Root WebApplicationContext: initialization completed in 2092 ms
2015-08-17 13:16:19.740  INFO 13619 --- [ost-startStop-1] o.s.b.c.embedded.FilterRegistrationBean  : Mapping filter: 'metricFilter' to: [/*]
2015-08-17 13:16:19.741  INFO 13619 --- [ost-startStop-1] o.s.b.c.embedded.FilterRegistrationBean  : Mapping filter: 'characterEncodingFilter' to: [/*]
2015-08-17 13:16:19.741  INFO 13619 --- [ost-startStop-1] o.s.b.c.embedded.FilterRegistrationBean  : Mapping filter: 'hiddenHttpMethodFilter' to: [/*]
2015-08-17 13:16:19.741  INFO 13619 --- [ost-startStop-1] o.s.b.c.embedded.FilterRegistrationBean  : Mapping filter: 'webRequestTraceFilter' to: [/*]
2015-08-17 13:16:19.741  INFO 13619 --- [ost-startStop-1] o.s.b.c.embedded.FilterRegistrationBean  : Mapping filter: 'servletContainer' to urls: [/eureka/*]
2015-08-17 13:16:19.741  INFO 13619 --- [ost-startStop-1] o.s.b.c.embedded.FilterRegistrationBean  : Mapping filter: 'applicationContextIdFilter' to: [/*]
2015-08-17 13:16:19.741  INFO 13619 --- [ost-startStop-1] o.s.b.c.e.ServletRegistrationBean        : Mapping servlet: 'dispatcherServlet' to [/]
2015-08-17 13:16:19.879  INFO 13619 --- [ost-startStop-1] c.s.j.s.i.a.WebApplicationImpl           : Initiating Jersey application, version 'Jersey: 1.13 06/29/2012 05:14 PM'
2015-08-17 13:16:20.641  WARN 13619 --- [kaServer.main()] c.n.c.sources.URLConfigurationSource     : No URLs will be polled as dynamic configuration sources.
2015-08-17 13:16:21.163  INFO 13619 --- [kaServer.main()] s.w.s.m.m.a.RequestMappingHandlerAdapter : Looking for @ControllerAdvice: org.springframework.boot.context.embedded.AnnotationConfigEmbeddedWebApplicationContext@b7cf4a9: startup date [Mon Aug 17 13:16:16 CDT 2015]; parent: org.springframework.context.annotation.AnnotationConfigApplicationContext@766bebdd
2015-08-17 13:16:21.211  INFO 13619 --- [kaServer.main()] s.w.s.m.m.a.RequestMappingHandlerMapping : Mapped "{[/],methods=[GET],params=[],headers=[],consumes=[],produces=[],custom=[]}" onto public java.lang.String org.springframework.cloud.netflix.eureka.server.EurekaController.status(javax.servlet.http.HttpServletRequest,java.util.Map<java.lang.String, java.lang.Object>)
2015-08-17 13:16:21.211  INFO 13619 --- [kaServer.main()] s.w.s.m.m.a.RequestMappingHandlerMapping : Mapped "{[/lastn],methods=[GET],params=[],headers=[],consumes=[],produces=[],custom=[]}" onto public java.lang.String org.springframework.cloud.netflix.eureka.server.EurekaController.lastn(javax.servlet.http.HttpServletRequest,java.util.Map<java.lang.String, java.lang.Object>)
2015-08-17 13:16:21.212  INFO 13619 --- [kaServer.main()] s.w.s.m.m.a.RequestMappingHandlerMapping : Mapped "{[/error],methods=[],params=[],headers=[],consumes=[],produces=[],custom=[]}" onto public org.springframework.http.ResponseEntity<java.util.Map<java.lang.String, java.lang.Object>> org.springframework.boot.autoconfigure.web.BasicErrorController.error(javax.servlet.http.HttpServletRequest)
2015-08-17 13:16:21.212  INFO 13619 --- [kaServer.main()] s.w.s.m.m.a.RequestMappingHandlerMapping : Mapped "{[/error],methods=[],params=[],headers=[],consumes=[],produces=[text/html],custom=[]}" onto public org.springframework.web.servlet.ModelAndView org.springframework.boot.autoconfigure.web.BasicErrorController.errorHtml(javax.servlet.http.HttpServletRequest)
2015-08-17 13:16:21.232  INFO 13619 --- [kaServer.main()] o.s.w.s.handler.SimpleUrlHandlerMapping  : Mapped URL path [/webjars/**] onto handler of type [class org.springframework.web.servlet.resource.ResourceHttpRequestHandler]
2015-08-17 13:16:21.232  INFO 13619 --- [kaServer.main()] o.s.w.s.handler.SimpleUrlHandlerMapping  : Mapped URL path [/**] onto handler of type [class org.springframework.web.servlet.resource.ResourceHttpRequestHandler]
2015-08-17 13:16:21.258  INFO 13619 --- [kaServer.main()] o.s.w.s.handler.SimpleUrlHandlerMapping  : Mapped URL path [/**/favicon.ico] onto handler of type [class org.springframework.web.servlet.resource.ResourceHttpRequestHandler]
2015-08-17 13:16:21.585  INFO 13619 --- [kaServer.main()] o.s.b.a.e.mvc.EndpointHandlerMapping     : Mapped "{[/env/{name:.*}],methods=[GET],params=[],headers=[],consumes=[],produces=[],custom=[]}" onto public java.lang.Object org.springframework.boot.actuate.endpoint.mvc.EnvironmentMvcEndpoint.value(java.lang.String)
2015-08-17 13:16:21.585  INFO 13619 --- [kaServer.main()] o.s.b.a.e.mvc.EndpointHandlerMapping     : Mapped "{[/env],methods=[GET],params=[],headers=[],consumes=[],produces=[],custom=[]}" onto public java.lang.Object org.springframework.boot.actuate.endpoint.mvc.EndpointMvcAdapter.invoke()
2015-08-17 13:16:21.585  INFO 13619 --- [kaServer.main()] o.s.b.a.e.mvc.EndpointHandlerMapping     : Mapped "{[/info],methods=[GET],params=[],headers=[],consumes=[],produces=[],custom=[]}" onto public java.lang.Object org.springframework.boot.actuate.endpoint.mvc.EndpointMvcAdapter.invoke()
2015-08-17 13:16:21.585  INFO 13619 --- [kaServer.main()] o.s.b.a.e.mvc.EndpointHandlerMapping     : Mapped "{[/dump],methods=[GET],params=[],headers=[],consumes=[],produces=[],custom=[]}" onto public java.lang.Object org.springframework.boot.actuate.endpoint.mvc.EndpointMvcAdapter.invoke()
2015-08-17 13:16:21.586  INFO 13619 --- [kaServer.main()] o.s.b.a.e.mvc.EndpointHandlerMapping     : Mapped "{[/archaius],methods=[GET],params=[],headers=[],consumes=[],produces=[],custom=[]}" onto public java.lang.Object org.springframework.boot.actuate.endpoint.mvc.EndpointMvcAdapter.invoke()
2015-08-17 13:16:21.586  INFO 13619 --- [kaServer.main()] o.s.b.a.e.mvc.EndpointHandlerMapping     : Mapped "{[/env],methods=[POST],params=[],headers=[],consumes=[],produces=[],custom=[]}" onto public java.lang.Object org.springframework.cloud.context.environment.EnvironmentManagerMvcEndpoint.value(java.util.Map<java.lang.String, java.lang.String>)
2015-08-17 13:16:21.586  INFO 13619 --- [kaServer.main()] o.s.b.a.e.mvc.EndpointHandlerMapping     : Mapped "{[/env/reset],methods=[POST],params=[],headers=[],consumes=[],produces=[],custom=[]}" onto public java.util.Map<java.lang.String, java.lang.Object> org.springframework.cloud.context.environment.EnvironmentManagerMvcEndpoint.reset()
2015-08-17 13:16:21.587  INFO 13619 --- [kaServer.main()] o.s.b.a.e.mvc.EndpointHandlerMapping     : Mapped "{[/refresh],methods=[POST],params=[],headers=[],consumes=[],produces=[],custom=[]}" onto public java.lang.Object org.springframework.cloud.endpoint.GenericPostableMvcEndpoint.invoke()
2015-08-17 13:16:21.587  INFO 13619 --- [kaServer.main()] o.s.b.a.e.mvc.EndpointHandlerMapping     : Mapped "{[/autoconfig],methods=[GET],params=[],headers=[],consumes=[],produces=[],custom=[]}" onto public java.lang.Object org.springframework.boot.actuate.endpoint.mvc.EndpointMvcAdapter.invoke()
2015-08-17 13:16:21.587  INFO 13619 --- [kaServer.main()] o.s.b.a.e.mvc.EndpointHandlerMapping     : Mapped "{[/metrics/{name:.*}],methods=[GET],params=[],headers=[],consumes=[],produces=[],custom=[]}" onto public java.lang.Object org.springframework.boot.actuate.endpoint.mvc.MetricsMvcEndpoint.value(java.lang.String)
2015-08-17 13:16:21.587  INFO 13619 --- [kaServer.main()] o.s.b.a.e.mvc.EndpointHandlerMapping     : Mapped "{[/metrics],methods=[GET],params=[],headers=[],consumes=[],produces=[],custom=[]}" onto public java.lang.Object org.springframework.boot.actuate.endpoint.mvc.EndpointMvcAdapter.invoke()
2015-08-17 13:16:21.587  INFO 13619 --- [kaServer.main()] o.s.b.a.e.mvc.EndpointHandlerMapping     : Mapped "{[/resume],methods=[POST],params=[],headers=[],consumes=[],produces=[],custom=[]}" onto public java.lang.Object org.springframework.cloud.endpoint.GenericPostableMvcEndpoint.invoke()
2015-08-17 13:16:21.587  INFO 13619 --- [kaServer.main()] o.s.b.a.e.mvc.EndpointHandlerMapping     : Mapped "{[/trace],methods=[GET],params=[],headers=[],consumes=[],produces=[],custom=[]}" onto public java.lang.Object org.springframework.boot.actuate.endpoint.mvc.EndpointMvcAdapter.invoke()
2015-08-17 13:16:21.588  INFO 13619 --- [kaServer.main()] o.s.b.a.e.mvc.EndpointHandlerMapping     : Mapped "{[/mappings],methods=[GET],params=[],headers=[],consumes=[],produces=[],custom=[]}" onto public java.lang.Object org.springframework.boot.actuate.endpoint.mvc.EndpointMvcAdapter.invoke()
2015-08-17 13:16:21.588  INFO 13619 --- [kaServer.main()] o.s.b.a.e.mvc.EndpointHandlerMapping     : Mapped "{[/health],methods=[],params=[],headers=[],consumes=[],produces=[],custom=[]}" onto public java.lang.Object org.springframework.boot.actuate.endpoint.mvc.HealthMvcEndpoint.invoke(java.security.Principal)
2015-08-17 13:16:21.588  INFO 13619 --- [kaServer.main()] o.s.b.a.e.mvc.EndpointHandlerMapping     : Mapped "{[/configprops],methods=[GET],params=[],headers=[],consumes=[],produces=[],custom=[]}" onto public java.lang.Object org.springframework.boot.actuate.endpoint.mvc.EndpointMvcAdapter.invoke()
2015-08-17 13:16:21.588  INFO 13619 --- [kaServer.main()] o.s.b.a.e.mvc.EndpointHandlerMapping     : Mapped "{[/beans],methods=[GET],params=[],headers=[],consumes=[],produces=[],custom=[]}" onto public java.lang.Object org.springframework.boot.actuate.endpoint.mvc.EndpointMvcAdapter.invoke()
2015-08-17 13:16:21.588  INFO 13619 --- [kaServer.main()] o.s.b.a.e.mvc.EndpointHandlerMapping     : Mapped "{[/restart],methods=[POST],params=[],headers=[],consumes=[],produces=[],custom=[]}" onto public java.lang.Object org.springframework.cloud.context.restart.RestartMvcEndpoint.invoke()
2015-08-17 13:16:21.589  INFO 13619 --- [kaServer.main()] o.s.b.a.e.mvc.EndpointHandlerMapping     : Mapped "{[/pause],methods=[POST],params=[],headers=[],consumes=[],produces=[],custom=[]}" onto public java.lang.Object org.springframework.cloud.endpoint.GenericPostableMvcEndpoint.invoke()
2015-08-17 13:16:21.651  INFO 13619 --- [kaServer.main()] o.s.ui.freemarker.SpringTemplateLoader   : SpringTemplateLoader for FreeMarker: using resource loader [org.springframework.boot.context.embedded.AnnotationConfigEmbeddedWebApplicationContext@b7cf4a9: startup date [Mon Aug 17 13:16:16 CDT 2015]; parent: org.springframework.context.annotation.AnnotationConfigApplicationContext@766bebdd] and template loader path [classpath:/templates/]
2015-08-17 13:16:21.652  INFO 13619 --- [kaServer.main()] o.s.w.s.v.f.FreeMarkerConfigurer         : ClassTemplateLoader for Spring macros added to FreeMarker configuration
2015-08-17 13:16:21.717  WARN 13619 --- [kaServer.main()] c.n.c.sources.URLConfigurationSource     : No URLs will be polled as dynamic configuration sources.
2015-08-17 13:16:21.730  INFO 13619 --- [kaServer.main()] o.s.j.e.a.AnnotationMBeanExporter        : Registering beans for JMX exposure on startup
2015-08-17 13:16:21.736  INFO 13619 --- [kaServer.main()] o.s.j.e.a.AnnotationMBeanExporter        : Bean with name 'refreshEndpoint' has been autodetected for JMX exposure
2015-08-17 13:16:21.737  INFO 13619 --- [kaServer.main()] o.s.j.e.a.AnnotationMBeanExporter        : Bean with name 'restartEndpoint' has been autodetected for JMX exposure
2015-08-17 13:16:21.737  INFO 13619 --- [kaServer.main()] o.s.j.e.a.AnnotationMBeanExporter        : Bean with name 'configurationPropertiesRebinder' has been autodetected for JMX exposure
2015-08-17 13:16:21.737  INFO 13619 --- [kaServer.main()] o.s.j.e.a.AnnotationMBeanExporter        : Bean with name 'refreshScope' has been autodetected for JMX exposure
2015-08-17 13:16:21.738  INFO 13619 --- [kaServer.main()] o.s.j.e.a.AnnotationMBeanExporter        : Bean with name 'environmentManager' has been autodetected for JMX exposure
2015-08-17 13:16:21.740  INFO 13619 --- [kaServer.main()] o.s.j.e.a.AnnotationMBeanExporter        : Located managed bean 'environmentManager': registering with JMX server as MBean [org.springframework.cloud.context.environment:name=environmentManager,type=EnvironmentManager]
2015-08-17 13:16:21.749  INFO 13619 --- [kaServer.main()] o.s.j.e.a.AnnotationMBeanExporter        : Located managed bean 'restartEndpoint': registering with JMX server as MBean [org.springframework.cloud.context.restart:name=restartEndpoint,type=RestartEndpoint]
2015-08-17 13:16:21.755  INFO 13619 --- [kaServer.main()] o.s.j.e.a.AnnotationMBeanExporter        : Located managed bean 'refreshScope': registering with JMX server as MBean [org.springframework.cloud.context.scope.refresh:name=refreshScope,type=RefreshScope]
2015-08-17 13:16:21.761  INFO 13619 --- [kaServer.main()] o.s.j.e.a.AnnotationMBeanExporter        : Located managed bean 'configurationPropertiesRebinder': registering with JMX server as MBean [org.springframework.cloud.context.properties:name=configurationPropertiesRebinder,context=b7cf4a9,type=ConfigurationPropertiesRebinder]
2015-08-17 13:16:21.766  INFO 13619 --- [kaServer.main()] o.s.j.e.a.AnnotationMBeanExporter        : Located managed bean 'refreshEndpoint': registering with JMX server as MBean [org.springframework.cloud.bootstrap.config:name=refreshEndpoint,type=RefreshEndpoint]
2015-08-17 13:16:21.770  INFO 13619 --- [kaServer.main()] o.s.c.support.DefaultLifecycleProcessor  : Starting beans in phase 0
2015-08-17 13:16:22.035  WARN 13619 --- [       Thread-2] c.n.eureka.PeerAwareInstanceRegistry     : The replica size seems to be empty. Check the route 53 DNS Registry
2015-08-17 13:16:22.089  INFO 13619 --- [kaServer.main()] s.b.c.e.t.TomcatEmbeddedServletContainer : Tomcat started on port(s): 8761 (http)
2015-08-17 13:16:22.090  INFO 13619 --- [kaServer.main()] io.pivotal.sfdc.EurekaServer             : Started EurekaServer in 6.529 seconds (JVM running for 10.15)
2015-08-17 13:17:13.603  INFO 13619 --- [nio-8761-exec-1] o.a.c.c.C.[Tomcat].[localhost].[/]       : Initializing Spring FrameworkServlet 'dispatcherServlet'
2015-08-17 13:17:13.604  INFO 13619 --- [nio-8761-exec-1] o.s.web.servlet.DispatcherServlet        : FrameworkServlet 'dispatcherServlet': initialization started
2015-08-17 13:17:13.622  INFO 13619 --- [nio-8761-exec-1] o.s.web.servlet.DispatcherServlet        : FrameworkServlet 'dispatcherServlet': initialization completed in 18 ms
2015-08-17 13:17:19.077  WARN 13619 --- [nio-8761-exec-2] com.netflix.eureka.InstanceRegistry      : DS: Registry: lease doesn't exist, registering resource: HYSTRIXDASHBOARD - localhost:hystrixDashboard:9010
2015-08-17 13:17:19.077  WARN 13619 --- [nio-8761-exec-2] c.n.eureka.resources.InstanceResource    : Not Found (Renew): HYSTRIXDASHBOARD - localhost:hystrixDashboard:9010
2015-08-17 13:17:31.011  WARN 13619 --- [nio-8761-exec-5] com.netflix.eureka.InstanceRegistry      : DS: Registry: lease doesn't exist, registering resource: OPPORTUNITYSERVICE - localhost:opportunityService:9003
2015-08-17 13:17:31.012  WARN 13619 --- [nio-8761-exec-5] c.n.eureka.resources.InstanceResource    : Not Found (Renew): OPPORTUNITYSERVICE - localhost:opportunityService:9003
2015-08-17 13:17:54.328  WARN 13619 --- [nio-8761-exec-6] c.n.eureka.resources.InstanceResource    : Time to sync, since the last dirty timestamp differs - ReplicationInstance id : localhost:hystrixDashboard:9010,Registry : 1439835434059 Incoming: 1439835474063 Replication: false
2015-08-17 13:17:55.726  WARN 13619 --- [nio-8761-exec-9] com.netflix.eureka.InstanceRegistry      : DS: Registry: lease doesn't exist, registering resource: CONTACTSERVICE - Jigs-Work-MacBook-Pro.local
2015-08-17 13:17:55.726  WARN 13619 --- [nio-8761-exec-9] c.n.eureka.resources.InstanceResource    : Not Found (Renew): CONTACTSERVICE - Jigs-Work-MacBook-Pro.local
2015-08-17 13:18:06.090  WARN 13619 --- [io-8761-exec-10] c.n.eureka.resources.InstanceResource    : Time to sync, since the last dirty timestamp differs - ReplicationInstance id : localhost:opportunityService:9003,Registry : 1439835446010 Incoming: 1439835486007 Replication: false
2015-08-17 13:18:25.749  WARN 13619 --- [nio-8761-exec-6] c.n.eureka.resources.InstanceResource    : Time to sync, since the last dirty timestamp differs - ReplicationInstance id : Jigs-Work-MacBook-Pro.local,Registry : 1439835445719 Incoming: 1439835485724 Replication: false
[INFO] Scanning for projects...
[INFO]                                                                         
[INFO] ------------------------------------------------------------------------
[INFO] Building eurekaServer 0.0.1-SNAPSHOT
[INFO] ------------------------------------------------------------------------
[INFO] 
[INFO] >>> spring-boot-maven-plugin:1.2.5.RELEASE:run (default-cli) > test-compile @ eurekaServer >>>
[INFO] 
[INFO] --- maven-resources-plugin:2.6:resources (default-resources) @ eurekaServer ---
[INFO] Using 'UTF-8' encoding to copy filtered resources.
[INFO] Copying 1 resource
[INFO] Copying 1 resource
[INFO] 
[INFO] --- maven-compiler-plugin:3.1:compile (default-compile) @ eurekaServer ---
[INFO] Nothing to compile - all classes are up to date
[INFO] 
[INFO] --- maven-resources-plugin:2.6:testResources (default-testResources) @ eurekaServer ---
[INFO] Using 'UTF-8' encoding to copy filtered resources.
[INFO] skip non existing resourceDirectory /Users/jsheth/Documents/workspace/microservice-samples/SFDCApp/eurekaServer/src/test/resources
[INFO] 
[INFO] --- maven-compiler-plugin:3.1:testCompile (default-testCompile) @ eurekaServer ---
[INFO] Nothing to compile - all classes are up to date
[INFO] 
[INFO] <<< spring-boot-maven-plugin:1.2.5.RELEASE:run (default-cli) < test-compile @ eurekaServer <<<
[INFO] 
[INFO] --- spring-boot-maven-plugin:1.2.5.RELEASE:run (default-cli) @ eurekaServer ---
2015-08-17 13:23:32.849  INFO 14204 --- [kaServer.main()] io.pivotal.sfdc.EurekaServer             : Starting EurekaServer on Jigs-Work-MacBook-Pro.local with PID 14204 (/Users/jsheth/Documents/workspace/microservice-samples/SFDCApp/eurekaServer/target/classes started by jsheth in /Users/jsheth/Documents/workspace/microservice-samples/SFDCApp/eurekaServer)
2015-08-17 13:23:32.914  INFO 14204 --- [kaServer.main()] s.c.a.AnnotationConfigApplicationContext : Refreshing org.springframework.context.annotation.AnnotationConfigApplicationContext@7cea9d7a: startup date [Mon Aug 17 13:23:32 CDT 2015]; root of context hierarchy
2015-08-17 13:23:33.134  INFO 14204 --- [kaServer.main()] f.a.AutowiredAnnotationBeanPostProcessor : JSR-330 'javax.inject.Inject' annotation found and supported for autowiring
2015-08-17 13:23:33.366  INFO 14204 --- [kaServer.main()] trationDelegate$BeanPostProcessorChecker : Bean 'encrypt.CONFIGURATION_PROPERTIES' of type [class org.springframework.cloud.bootstrap.encrypt.KeyProperties] is not eligible for getting processed by all BeanPostProcessors (for example: not eligible for auto-proxying)
2015-08-17 13:23:33.367  INFO 14204 --- [kaServer.main()] trationDelegate$BeanPostProcessorChecker : Bean 'encryptionBootstrapConfiguration' of type [class org.springframework.cloud.bootstrap.encrypt.EncryptionBootstrapConfiguration$$EnhancerBySpringCGLIB$$7cf85937] is not eligible for getting processed by all BeanPostProcessors (for example: not eligible for auto-proxying)
2015-08-17 13:23:33.426  INFO 14204 --- [kaServer.main()] io.pivotal.sfdc.EurekaServer             : Started EurekaServer in 1.015 seconds (JVM running for 4.559)

  .   ____          _            __ _ _
 /\\ / ___'_ __ _ _(_)_ __  __ _ \ \ \ \
( ( )\___ | '_ | '_| | '_ \/ _` | \ \ \ \
 \\/  ___)| |_)| | | | | || (_| |  ) ) ) )
  '  |____| .__|_| |_|_| |_\__, | / / / /
 =========|_|==============|___/=/_/_/_/
 :: Spring Boot ::        (v1.2.5.RELEASE)

2015-08-17 13:23:33.491  INFO 14204 --- [kaServer.main()] ationConfigEmbeddedWebApplicationContext : Refreshing org.springframework.boot.context.embedded.AnnotationConfigEmbeddedWebApplicationContext@2879b739: startup date [Mon Aug 17 13:23:33 CDT 2015]; parent: org.springframework.context.annotation.AnnotationConfigApplicationContext@7cea9d7a
2015-08-17 13:23:34.320  INFO 14204 --- [kaServer.main()] o.s.b.f.s.DefaultListableBeanFactory     : Overriding bean definition for bean 'beanNameViewResolver': replacing [Root bean: class [null]; scope=; abstract=false; lazyInit=false; autowireMode=3; dependencyCheck=0; autowireCandidate=true; primary=false; factoryBeanName=org.springframework.boot.autoconfigure.web.ErrorMvcAutoConfiguration$WhitelabelErrorViewConfiguration; factoryMethodName=beanNameViewResolver; initMethodName=null; destroyMethodName=(inferred); defined in class path resource [org/springframework/boot/autoconfigure/web/ErrorMvcAutoConfiguration$WhitelabelErrorViewConfiguration.class]] with [Root bean: class [null]; scope=; abstract=false; lazyInit=false; autowireMode=3; dependencyCheck=0; autowireCandidate=true; primary=false; factoryBeanName=org.springframework.boot.autoconfigure.web.WebMvcAutoConfiguration$WebMvcAutoConfigurationAdapter; factoryMethodName=beanNameViewResolver; initMethodName=null; destroyMethodName=(inferred); defined in class path resource [org/springframework/boot/autoconfigure/web/WebMvcAutoConfiguration$WebMvcAutoConfigurationAdapter.class]]
2015-08-17 13:23:34.424  INFO 14204 --- [kaServer.main()] o.s.b.f.s.DefaultListableBeanFactory     : Overriding bean definition for bean 'infoEndpoint': replacing [Root bean: class [null]; scope=; abstract=false; lazyInit=false; autowireMode=3; dependencyCheck=0; autowireCandidate=true; primary=false; factoryBeanName=org.springframework.boot.actuate.autoconfigure.EndpointAutoConfiguration; factoryMethodName=infoEndpoint; initMethodName=null; destroyMethodName=(inferred); defined in class path resource [org/springframework/boot/actuate/autoconfigure/EndpointAutoConfiguration.class]] with [Root bean: class [null]; scope=; abstract=false; lazyInit=false; autowireMode=3; dependencyCheck=0; autowireCandidate=true; primary=false; factoryBeanName=org.springframework.cloud.autoconfigure.RefreshAutoConfiguration$InfoEndpointRebinderConfiguration; factoryMethodName=infoEndpoint; initMethodName=null; destroyMethodName=(inferred); defined in class path resource [org/springframework/cloud/autoconfigure/RefreshAutoConfiguration$InfoEndpointRebinderConfiguration.class]]
2015-08-17 13:23:34.634  INFO 14204 --- [kaServer.main()] f.a.AutowiredAnnotationBeanPostProcessor : JSR-330 'javax.inject.Inject' annotation found and supported for autowiring
2015-08-17 13:23:34.658  INFO 14204 --- [kaServer.main()] trationDelegate$BeanPostProcessorChecker : Bean 'org.springframework.cloud.autoconfigure.RefreshAutoConfiguration$ConfigurationPropertiesRebinderConfiguration' of type [class org.springframework.cloud.autoconfigure.RefreshAutoConfiguration$ConfigurationPropertiesRebinderConfiguration$$EnhancerBySpringCGLIB$$ad2f1c14] is not eligible for getting processed by all BeanPostProcessors (for example: not eligible for auto-proxying)
2015-08-17 13:23:35.081  INFO 14204 --- [kaServer.main()] s.b.c.e.t.TomcatEmbeddedServletContainer : Tomcat initialized with port(s): 8761 (http)
2015-08-17 13:23:35.376  INFO 14204 --- [kaServer.main()] o.apache.catalina.core.StandardService   : Starting service Tomcat
2015-08-17 13:23:35.378  INFO 14204 --- [kaServer.main()] org.apache.catalina.core.StandardEngine  : Starting Servlet Engine: Apache Tomcat/8.0.23
2015-08-17 13:23:35.501  INFO 14204 --- [ost-startStop-1] o.a.c.c.C.[Tomcat].[localhost].[/]       : Initializing Spring embedded WebApplicationContext
2015-08-17 13:23:35.501  INFO 14204 --- [ost-startStop-1] o.s.web.context.ContextLoader            : Root WebApplicationContext: initialization completed in 2010 ms
2015-08-17 13:23:36.446  INFO 14204 --- [ost-startStop-1] o.s.b.c.embedded.FilterRegistrationBean  : Mapping filter: 'metricFilter' to: [/*]
2015-08-17 13:23:36.447  INFO 14204 --- [ost-startStop-1] o.s.b.c.embedded.FilterRegistrationBean  : Mapping filter: 'characterEncodingFilter' to: [/*]
2015-08-17 13:23:36.447  INFO 14204 --- [ost-startStop-1] o.s.b.c.embedded.FilterRegistrationBean  : Mapping filter: 'hiddenHttpMethodFilter' to: [/*]
2015-08-17 13:23:36.447  INFO 14204 --- [ost-startStop-1] o.s.b.c.embedded.FilterRegistrationBean  : Mapping filter: 'webRequestTraceFilter' to: [/*]
2015-08-17 13:23:36.447  INFO 14204 --- [ost-startStop-1] o.s.b.c.embedded.FilterRegistrationBean  : Mapping filter: 'servletContainer' to urls: [/eureka/*]
2015-08-17 13:23:36.448  INFO 14204 --- [ost-startStop-1] o.s.b.c.embedded.FilterRegistrationBean  : Mapping filter: 'applicationContextIdFilter' to: [/*]
2015-08-17 13:23:36.448  INFO 14204 --- [ost-startStop-1] o.s.b.c.e.ServletRegistrationBean        : Mapping servlet: 'dispatcherServlet' to [/]
2015-08-17 13:23:36.591  INFO 14204 --- [ost-startStop-1] c.s.j.s.i.a.WebApplicationImpl           : Initiating Jersey application, version 'Jersey: 1.13 06/29/2012 05:14 PM'
2015-08-17 13:23:37.252  WARN 14204 --- [kaServer.main()] c.n.c.sources.URLConfigurationSource     : No URLs will be polled as dynamic configuration sources.
2015-08-17 13:23:37.720  INFO 14204 --- [kaServer.main()] s.w.s.m.m.a.RequestMappingHandlerAdapter : Looking for @ControllerAdvice: org.springframework.boot.context.embedded.AnnotationConfigEmbeddedWebApplicationContext@2879b739: startup date [Mon Aug 17 13:23:33 CDT 2015]; parent: org.springframework.context.annotation.AnnotationConfigApplicationContext@7cea9d7a
2015-08-17 13:23:37.783  INFO 14204 --- [kaServer.main()] s.w.s.m.m.a.RequestMappingHandlerMapping : Mapped "{[/],methods=[GET],params=[],headers=[],consumes=[],produces=[],custom=[]}" onto public java.lang.String org.springframework.cloud.netflix.eureka.server.EurekaController.status(javax.servlet.http.HttpServletRequest,java.util.Map<java.lang.String, java.lang.Object>)
2015-08-17 13:23:37.784  INFO 14204 --- [kaServer.main()] s.w.s.m.m.a.RequestMappingHandlerMapping : Mapped "{[/lastn],methods=[GET],params=[],headers=[],consumes=[],produces=[],custom=[]}" onto public java.lang.String org.springframework.cloud.netflix.eureka.server.EurekaController.lastn(javax.servlet.http.HttpServletRequest,java.util.Map<java.lang.String, java.lang.Object>)
2015-08-17 13:23:37.785  INFO 14204 --- [kaServer.main()] s.w.s.m.m.a.RequestMappingHandlerMapping : Mapped "{[/error],methods=[],params=[],headers=[],consumes=[],produces=[],custom=[]}" onto public org.springframework.http.ResponseEntity<java.util.Map<java.lang.String, java.lang.Object>> org.springframework.boot.autoconfigure.web.BasicErrorController.error(javax.servlet.http.HttpServletRequest)
2015-08-17 13:23:37.785  INFO 14204 --- [kaServer.main()] s.w.s.m.m.a.RequestMappingHandlerMapping : Mapped "{[/error],methods=[],params=[],headers=[],consumes=[],produces=[text/html],custom=[]}" onto public org.springframework.web.servlet.ModelAndView org.springframework.boot.autoconfigure.web.BasicErrorController.errorHtml(javax.servlet.http.HttpServletRequest)
2015-08-17 13:23:37.805  INFO 14204 --- [kaServer.main()] o.s.w.s.handler.SimpleUrlHandlerMapping  : Mapped URL path [/webjars/**] onto handler of type [class org.springframework.web.servlet.resource.ResourceHttpRequestHandler]
2015-08-17 13:23:37.805  INFO 14204 --- [kaServer.main()] o.s.w.s.handler.SimpleUrlHandlerMapping  : Mapped URL path [/**] onto handler of type [class org.springframework.web.servlet.resource.ResourceHttpRequestHandler]
2015-08-17 13:23:37.832  INFO 14204 --- [kaServer.main()] o.s.w.s.handler.SimpleUrlHandlerMapping  : Mapped URL path [/**/favicon.ico] onto handler of type [class org.springframework.web.servlet.resource.ResourceHttpRequestHandler]
2015-08-17 13:23:38.217  INFO 14204 --- [kaServer.main()] o.s.b.a.e.mvc.EndpointHandlerMapping     : Mapped "{[/pause],methods=[POST],params=[],headers=[],consumes=[],produces=[],custom=[]}" onto public java.lang.Object org.springframework.cloud.endpoint.GenericPostableMvcEndpoint.invoke()
2015-08-17 13:23:38.218  INFO 14204 --- [kaServer.main()] o.s.b.a.e.mvc.EndpointHandlerMapping     : Mapped "{[/archaius],methods=[GET],params=[],headers=[],consumes=[],produces=[],custom=[]}" onto public java.lang.Object org.springframework.boot.actuate.endpoint.mvc.EndpointMvcAdapter.invoke()
2015-08-17 13:23:38.218  INFO 14204 --- [kaServer.main()] o.s.b.a.e.mvc.EndpointHandlerMapping     : Mapped "{[/trace],methods=[GET],params=[],headers=[],consumes=[],produces=[],custom=[]}" onto public java.lang.Object org.springframework.boot.actuate.endpoint.mvc.EndpointMvcAdapter.invoke()
2015-08-17 13:23:38.218  INFO 14204 --- [kaServer.main()] o.s.b.a.e.mvc.EndpointHandlerMapping     : Mapped "{[/refresh],methods=[POST],params=[],headers=[],consumes=[],produces=[],custom=[]}" onto public java.lang.Object org.springframework.cloud.endpoint.GenericPostableMvcEndpoint.invoke()
2015-08-17 13:23:38.219  INFO 14204 --- [kaServer.main()] o.s.b.a.e.mvc.EndpointHandlerMapping     : Mapped "{[/restart],methods=[POST],params=[],headers=[],consumes=[],produces=[],custom=[]}" onto public java.lang.Object org.springframework.cloud.context.restart.RestartMvcEndpoint.invoke()
2015-08-17 13:23:38.219  INFO 14204 --- [kaServer.main()] o.s.b.a.e.mvc.EndpointHandlerMapping     : Mapped "{[/configprops],methods=[GET],params=[],headers=[],consumes=[],produces=[],custom=[]}" onto public java.lang.Object org.springframework.boot.actuate.endpoint.mvc.EndpointMvcAdapter.invoke()
2015-08-17 13:23:38.219  INFO 14204 --- [kaServer.main()] o.s.b.a.e.mvc.EndpointHandlerMapping     : Mapped "{[/beans],methods=[GET],params=[],headers=[],consumes=[],produces=[],custom=[]}" onto public java.lang.Object org.springframework.boot.actuate.endpoint.mvc.EndpointMvcAdapter.invoke()
2015-08-17 13:23:38.219  INFO 14204 --- [kaServer.main()] o.s.b.a.e.mvc.EndpointHandlerMapping     : Mapped "{[/autoconfig],methods=[GET],params=[],headers=[],consumes=[],produces=[],custom=[]}" onto public java.lang.Object org.springframework.boot.actuate.endpoint.mvc.EndpointMvcAdapter.invoke()
2015-08-17 13:23:38.220  INFO 14204 --- [kaServer.main()] o.s.b.a.e.mvc.EndpointHandlerMapping     : Mapped "{[/env/{name:.*}],methods=[GET],params=[],headers=[],consumes=[],produces=[],custom=[]}" onto public java.lang.Object org.springframework.boot.actuate.endpoint.mvc.EnvironmentMvcEndpoint.value(java.lang.String)
2015-08-17 13:23:38.220  INFO 14204 --- [kaServer.main()] o.s.b.a.e.mvc.EndpointHandlerMapping     : Mapped "{[/env],methods=[GET],params=[],headers=[],consumes=[],produces=[],custom=[]}" onto public java.lang.Object org.springframework.boot.actuate.endpoint.mvc.EndpointMvcAdapter.invoke()
2015-08-17 13:23:38.220  INFO 14204 --- [kaServer.main()] o.s.b.a.e.mvc.EndpointHandlerMapping     : Mapped "{[/metrics/{name:.*}],methods=[GET],params=[],headers=[],consumes=[],produces=[],custom=[]}" onto public java.lang.Object org.springframework.boot.actuate.endpoint.mvc.MetricsMvcEndpoint.value(java.lang.String)
2015-08-17 13:23:38.220  INFO 14204 --- [kaServer.main()] o.s.b.a.e.mvc.EndpointHandlerMapping     : Mapped "{[/metrics],methods=[GET],params=[],headers=[],consumes=[],produces=[],custom=[]}" onto public java.lang.Object org.springframework.boot.actuate.endpoint.mvc.EndpointMvcAdapter.invoke()
2015-08-17 13:23:38.221  INFO 14204 --- [kaServer.main()] o.s.b.a.e.mvc.EndpointHandlerMapping     : Mapped "{[/health],methods=[],params=[],headers=[],consumes=[],produces=[],custom=[]}" onto public java.lang.Object org.springframework.boot.actuate.endpoint.mvc.HealthMvcEndpoint.invoke(java.security.Principal)
2015-08-17 13:23:38.221  INFO 14204 --- [kaServer.main()] o.s.b.a.e.mvc.EndpointHandlerMapping     : Mapped "{[/dump],methods=[GET],params=[],headers=[],consumes=[],produces=[],custom=[]}" onto public java.lang.Object org.springframework.boot.actuate.endpoint.mvc.EndpointMvcAdapter.invoke()
2015-08-17 13:23:38.221  INFO 14204 --- [kaServer.main()] o.s.b.a.e.mvc.EndpointHandlerMapping     : Mapped "{[/env],methods=[POST],params=[],headers=[],consumes=[],produces=[],custom=[]}" onto public java.lang.Object org.springframework.cloud.context.environment.EnvironmentManagerMvcEndpoint.value(java.util.Map<java.lang.String, java.lang.String>)
2015-08-17 13:23:38.221  INFO 14204 --- [kaServer.main()] o.s.b.a.e.mvc.EndpointHandlerMapping     : Mapped "{[/env/reset],methods=[POST],params=[],headers=[],consumes=[],produces=[],custom=[]}" onto public java.util.Map<java.lang.String, java.lang.Object> org.springframework.cloud.context.environment.EnvironmentManagerMvcEndpoint.reset()
2015-08-17 13:23:38.222  INFO 14204 --- [kaServer.main()] o.s.b.a.e.mvc.EndpointHandlerMapping     : Mapped "{[/resume],methods=[POST],params=[],headers=[],consumes=[],produces=[],custom=[]}" onto public java.lang.Object org.springframework.cloud.endpoint.GenericPostableMvcEndpoint.invoke()
2015-08-17 13:23:38.222  INFO 14204 --- [kaServer.main()] o.s.b.a.e.mvc.EndpointHandlerMapping     : Mapped "{[/info],methods=[GET],params=[],headers=[],consumes=[],produces=[],custom=[]}" onto public java.lang.Object org.springframework.boot.actuate.endpoint.mvc.EndpointMvcAdapter.invoke()
2015-08-17 13:23:38.222  INFO 14204 --- [kaServer.main()] o.s.b.a.e.mvc.EndpointHandlerMapping     : Mapped "{[/mappings],methods=[GET],params=[],headers=[],consumes=[],produces=[],custom=[]}" onto public java.lang.Object org.springframework.boot.actuate.endpoint.mvc.EndpointMvcAdapter.invoke()
2015-08-17 13:23:38.287  INFO 14204 --- [kaServer.main()] o.s.ui.freemarker.SpringTemplateLoader   : SpringTemplateLoader for FreeMarker: using resource loader [org.springframework.boot.context.embedded.AnnotationConfigEmbeddedWebApplicationContext@2879b739: startup date [Mon Aug 17 13:23:33 CDT 2015]; parent: org.springframework.context.annotation.AnnotationConfigApplicationContext@7cea9d7a] and template loader path [classpath:/templates/]
2015-08-17 13:23:38.288  INFO 14204 --- [kaServer.main()] o.s.w.s.v.f.FreeMarkerConfigurer         : ClassTemplateLoader for Spring macros added to FreeMarker configuration
2015-08-17 13:23:38.358  WARN 14204 --- [kaServer.main()] c.n.c.sources.URLConfigurationSource     : No URLs will be polled as dynamic configuration sources.
2015-08-17 13:23:38.372  INFO 14204 --- [kaServer.main()] o.s.j.e.a.AnnotationMBeanExporter        : Registering beans for JMX exposure on startup
2015-08-17 13:23:38.380  INFO 14204 --- [kaServer.main()] o.s.j.e.a.AnnotationMBeanExporter        : Bean with name 'refreshEndpoint' has been autodetected for JMX exposure
2015-08-17 13:23:38.381  INFO 14204 --- [kaServer.main()] o.s.j.e.a.AnnotationMBeanExporter        : Bean with name 'restartEndpoint' has been autodetected for JMX exposure
2015-08-17 13:23:38.381  INFO 14204 --- [kaServer.main()] o.s.j.e.a.AnnotationMBeanExporter        : Bean with name 'configurationPropertiesRebinder' has been autodetected for JMX exposure
2015-08-17 13:23:38.383  INFO 14204 --- [kaServer.main()] o.s.j.e.a.AnnotationMBeanExporter        : Bean with name 'refreshScope' has been autodetected for JMX exposure
2015-08-17 13:23:38.383  INFO 14204 --- [kaServer.main()] o.s.j.e.a.AnnotationMBeanExporter        : Bean with name 'environmentManager' has been autodetected for JMX exposure
2015-08-17 13:23:38.386  INFO 14204 --- [kaServer.main()] o.s.j.e.a.AnnotationMBeanExporter        : Located managed bean 'environmentManager': registering with JMX server as MBean [org.springframework.cloud.context.environment:name=environmentManager,type=EnvironmentManager]
2015-08-17 13:23:38.396  INFO 14204 --- [kaServer.main()] o.s.j.e.a.AnnotationMBeanExporter        : Located managed bean 'restartEndpoint': registering with JMX server as MBean [org.springframework.cloud.context.restart:name=restartEndpoint,type=RestartEndpoint]
2015-08-17 13:23:38.405  INFO 14204 --- [kaServer.main()] o.s.j.e.a.AnnotationMBeanExporter        : Located managed bean 'refreshScope': registering with JMX server as MBean [org.springframework.cloud.context.scope.refresh:name=refreshScope,type=RefreshScope]
2015-08-17 13:23:38.409  INFO 14204 --- [kaServer.main()] o.s.j.e.a.AnnotationMBeanExporter        : Located managed bean 'configurationPropertiesRebinder': registering with JMX server as MBean [org.springframework.cloud.context.properties:name=configurationPropertiesRebinder,context=2879b739,type=ConfigurationPropertiesRebinder]
2015-08-17 13:23:38.415  INFO 14204 --- [kaServer.main()] o.s.j.e.a.AnnotationMBeanExporter        : Located managed bean 'refreshEndpoint': registering with JMX server as MBean [org.springframework.cloud.bootstrap.config:name=refreshEndpoint,type=RefreshEndpoint]
2015-08-17 13:23:38.419  INFO 14204 --- [kaServer.main()] o.s.c.support.DefaultLifecycleProcessor  : Starting beans in phase 0
2015-08-17 13:23:38.709  WARN 14204 --- [       Thread-2] c.n.eureka.PeerAwareInstanceRegistry     : The replica size seems to be empty. Check the route 53 DNS Registry
2015-08-17 13:23:38.758  INFO 14204 --- [kaServer.main()] s.b.c.e.t.TomcatEmbeddedServletContainer : Tomcat started on port(s): 8761 (http)
2015-08-17 13:23:38.759  INFO 14204 --- [kaServer.main()] io.pivotal.sfdc.EurekaServer             : Started EurekaServer in 6.442 seconds (JVM running for 9.892)
2015-08-17 13:24:13.411  INFO 14204 --- [nio-8761-exec-1] o.a.c.c.C.[Tomcat].[localhost].[/]       : Initializing Spring FrameworkServlet 'dispatcherServlet'
2015-08-17 13:24:13.412  INFO 14204 --- [nio-8761-exec-1] o.s.web.servlet.DispatcherServlet        : FrameworkServlet 'dispatcherServlet': initialization started
2015-08-17 13:24:13.429  INFO 14204 --- [nio-8761-exec-1] o.s.web.servlet.DispatcherServlet        : FrameworkServlet 'dispatcherServlet': initialization completed in 17 ms
2015-08-17 13:24:36.178  WARN 14204 --- [nio-8761-exec-9] com.netflix.eureka.InstanceRegistry      : DS: Registry: lease doesn't exist, registering resource: HYSTRIXDASHBOARD - localhost:hystrixDashboard:9010
2015-08-17 13:24:36.179  WARN 14204 --- [nio-8761-exec-9] c.n.eureka.resources.InstanceResource    : Not Found (Renew): HYSTRIXDASHBOARD - localhost:hystrixDashboard:9010
2015-08-17 13:24:44.805  WARN 14204 --- [nio-8761-exec-6] com.netflix.eureka.InstanceRegistry      : DS: Registry: lease doesn't exist, registering resource: AUTHSERVICE - localhost:authService:9000
2015-08-17 13:24:44.808  WARN 14204 --- [nio-8761-exec-6] c.n.eureka.resources.InstanceResource    : Not Found (Renew): AUTHSERVICE - localhost:authService:9000
2015-08-17 13:24:45.949  WARN 14204 --- [io-8761-exec-10] com.netflix.eureka.InstanceRegistry      : DS: Registry: lease doesn't exist, registering resource: SFDCWEBAPP - localhost:sfdcwebapp:9090
2015-08-17 13:24:45.949  WARN 14204 --- [io-8761-exec-10] c.n.eureka.resources.InstanceResource    : Not Found (Renew): SFDCWEBAPP - localhost:sfdcwebapp:9090
2015-08-17 13:24:47.854  WARN 14204 --- [nio-8761-exec-2] com.netflix.eureka.InstanceRegistry      : DS: Registry: lease doesn't exist, registering resource: SFDCAPIGATEWAY - localhost:sfdcapigateway:9011
2015-08-17 13:24:47.855  WARN 14204 --- [nio-8761-exec-2] c.n.eureka.resources.InstanceResource    : Not Found (Renew): SFDCAPIGATEWAY - localhost:sfdcapigateway:9011
2015-08-17 13:24:50.680  WARN 14204 --- [nio-8761-exec-5] com.netflix.eureka.InstanceRegistry      : DS: Registry: lease doesn't exist, registering resource: CONTACTSERVICE - localhost:contactService:9002
2015-08-17 13:24:50.681  WARN 14204 --- [nio-8761-exec-5] c.n.eureka.resources.InstanceResource    : Not Found (Renew): CONTACTSERVICE - localhost:contactService:9002
2015-08-17 13:24:50.739  WARN 14204 --- [nio-8761-exec-8] com.netflix.eureka.InstanceRegistry      : DS: Registry: lease doesn't exist, registering resource: OPPORTUNITYSERVICE - localhost:opportunityService:9003
2015-08-17 13:24:50.740  WARN 14204 --- [nio-8761-exec-8] c.n.eureka.resources.InstanceResource    : Not Found (Renew): OPPORTUNITYSERVICE - localhost:opportunityService:9003
2015-08-17 13:24:50.824  WARN 14204 --- [io-8761-exec-10] com.netflix.eureka.InstanceRegistry      : DS: Registry: lease doesn't exist, registering resource: ACCOUNTSERVICE - localhost:accountService:9001
2015-08-17 13:24:50.825  WARN 14204 --- [io-8761-exec-10] c.n.eureka.resources.InstanceResource    : Not Found (Renew): ACCOUNTSERVICE - localhost:accountService:9001
2015-08-17 13:25:11.407  WARN 14204 --- [nio-8761-exec-6] c.n.eureka.resources.InstanceResource    : Time to sync, since the last dirty timestamp differs - ReplicationInstance id : localhost:hystrixDashboard:9010,Registry : 1439835871152 Incoming: 1439835911157 Replication: false
2015-08-17 13:25:19.893  WARN 14204 --- [io-8761-exec-10] c.n.eureka.resources.InstanceResource    : Time to sync, since the last dirty timestamp differs - ReplicationInstance id : localhost:authService:9000,Registry : 1439835879796 Incoming: 1439835919801 Replication: false
2015-08-17 13:25:21.022  WARN 14204 --- [nio-8761-exec-5] c.n.eureka.resources.InstanceResource    : Time to sync, since the last dirty timestamp differs - ReplicationInstance id : localhost:sfdcwebapp:9090,Registry : 1439835880938 Incoming: 1439835920946 Replication: false
2015-08-17 13:25:22.934  WARN 14204 --- [io-8761-exec-10] c.n.eureka.resources.InstanceResource    : Time to sync, since the last dirty timestamp differs - ReplicationInstance id : localhost:sfdcapigateway:9011,Registry : 1439835882847 Incoming: 1439835922859 Replication: false
2015-08-17 13:25:25.742  WARN 14204 --- [nio-8761-exec-4] c.n.eureka.resources.InstanceResource    : Time to sync, since the last dirty timestamp differs - ReplicationInstance id : localhost:contactService:9002,Registry : 1439835885650 Incoming: 1439835925658 Replication: false
2015-08-17 13:25:25.806  WARN 14204 --- [nio-8761-exec-7] c.n.eureka.resources.InstanceResource    : Time to sync, since the last dirty timestamp differs - ReplicationInstance id : localhost:opportunityService:9003,Registry : 1439835885734 Incoming: 1439835925741 Replication: false
2015-08-17 13:25:26.022  WARN 14204 --- [io-8761-exec-10] c.n.eureka.resources.InstanceResource    : Time to sync, since the last dirty timestamp differs - ReplicationInstance id : localhost:accountService:9001,Registry : 1439835885817 Incoming: 1439835925821 Replication: false
